# IPython log file

import numpy as np
import pandas as pd
import matplotlib.pyplot as plt 
from arpes.io import load_data
import xarray as xr
def load_csv_datatype(path_to_file: str, 
                      n_scans: int= 1,
                      energy_key: str = 'Energy(meas)',
                      dim_name: str = 'eV') -> xr.DataArray:
    """
    This function load a dataset in the csv format using pandas.
    the number of scans need to be manually insered. 
    If multiple scans are present the mean is considered 
    """

    df = pd.read_csv(path_to_file, skiprows=1, sep='\t')

    scan_list = [f'Scan{i}' for i in range(1,n_scans+1)]
    loaded_data = df[scan_list].mean(axis=1).to_numpy()
    
    #loaded_data = [df[key].to_numpy().T for key in scan_list]

    coords = {dim_name : df[energy_key].to_numpy()}

    return xr.DataArray(
        loaded_data,
        coords=coords,
        dims=dim_name,
        # attrs={...} <- attributes here
    )
data_path = 'dati/Al_Ag_50V_fullspctra.csv'
data_path = 'dati/Al_Sm_30V_3d.csv'

df = pd.read_csv(data_path, skiprows=1, sep='\t')
df
df.plot('Energy(meas)', 'Sum')
