# IPython log file

import numpy as np
import pandas as pd
import matplotlib.pyplot as plt 
from arpes.io import load_data
import xarray as xr
def load_csv_datatype(path_to_file: str, 
                      n_scans: int= 1,
                      energy_key: str = 'Energy(meas)',
                      dim_name: str = 'eV') -> xr.DataArray:
    """
    This function load a dataset in the csv format using pandas.
    the number of scans need to be manually insered. 
    If multiple scans are present the mean is considered 
    """

    df = pd.read_csv(path_to_file, skiprows=1, sep='\t')

    scan_list = [f'Scan{i}' for i in range(1,n_scans+1)]
    loaded_data = df[scan_list].mean(axis=1).to_numpy()
    
    #loaded_data = [df[key].to_numpy().T for key in scan_list]

    coords = {dim_name : df[energy_key].to_numpy()}

    return xr.DataArray(
        loaded_data,
        coords=coords,
        dims=dim_name,
        # attrs={...} <- attributes here
    )
data_path = 'dati/Al_Sm_50V_3d.csv'

df = pd.read_csv(data_path, skiprows=1, sep='\t')
df
data = load_csv_datatype(path_to_file=data_path, n_scans=7)

# Plot datas
fig, axes = plt.subplots(1, 1, figsize=(6,4))

#data.sum("eV").S.plot(ax=axes)
data.S.plot(ax=axes)

plt.tight_layout()
from arpes.fits.fit_models import GaussianModel, AffineBackgroundModel, LorentzianModel, VoigtModel
from arpes.analysis.shirley import remove_shirley_background, calculate_shirley_background_full_range
from arpes.fits.utilities import result_to_hints
#test_curve = data.spectrum.where(ws2_mask & ~wide_peak_mask).mean(["x", "y"]).sel(eV=slice(-36, -31))

# Selection
selection = df['Energy(meas)'].between(370, 414, inclusive=False).to_numpy()

test_curve = data.sel(eV=selection)

test_model =  LorentzianModel(prefix="a_") + LorentzianModel(prefix="b_")

result = test_model.guess_fit(
    test_curve - test_curve.min(),
    params={
        "a_center": {"value": 405, "max":410, "min":400 },
        "b_center": {"value": 375, "max":382, "min":378},
    }
)
result.plot()
result
# test_curve = xps.spectrum.where(mask).mean(["x", "y"]).sel(eV=slice(-36, -31))
# test_curve = remove_shirley_background(test_curve)

selection = df['Energy(meas)'].between(370, 415, inclusive=False).to_numpy()
test_curve = data.sel(eV=selection)
#test_curve = remove_shirley_background(test_curve)

test_curve = test_curve - calculate_shirley_background_full_range(test_curve, max_iters=100)

test_model = LorentzianModel(prefix="a_") + LorentzianModel(prefix="b_") + LorentzianModel(prefix="c_") + GaussianModel(prefix="d_")

result = test_model.guess_fit(
    test_curve-test_curve.min(),
    params={
        "a_center": {"value": 405 },
        "a_sigma": {"value": 1.5, "max": 2.5, "min": 1.4},
        "a_amplitude": {"min": 0},
        "b_center": {"value": 375},
        "b_amplitude": {"min": 0},
        "c_center": {"value": 398, "max": 399, "min":397},
        "c_amplitude": {"min": 0.3},
        "c_sigma":{"max": 3, "min": 1},
        "d_center": {"value": 393, "max": 396, "min":391},
        "d_amplitude": {"min": 0},
        "d_sigma":{"max": 10, "min": 1},
    }

)
result.plot()
result
# test_curve = xps.spectrum.where(mask).mean(["x", "y"]).sel(eV=slice(-36, -31))
# test_curve = remove_shirley_background(test_curve)

selection = df['Energy(meas)'].between(370, 415, inclusive=False).to_numpy()
test_curve = data.sel(eV=selection)
#test_curve = remove_shirley_background(test_curve)

test_curve = test_curve - calculate_shirley_background_full_range(test_curve, max_iters=100)

test_model = GaussianModel(prefix="a_") + GaussianModel(prefix="b_") + GaussianModel(prefix="c_") + GaussianModel(prefix="d_") + GaussianModel(prefix="e_") + GaussianModel(prefix="f_")

result = test_model.guess_fit(
    test_curve-test_curve.min(),
    params={
        "a_center": {"value": 405 },
        "a_sigma": {"value": 1.5, "max": 2.5, "min": 1.4},
        "a_amplitude": {"min": 0},
        "b_center": {"value": 375},
        "b_amplitude": {"min": 0},
        "c_center": {"value": 398, "max": 399, "min":397},
        "c_amplitude": {"min": 0.3},
        "c_sigma":{"max": 3, "min": 1},
        "d_center": {"value": 393, "max": 396, "min":391},
        "d_amplitude": {"min": 0},
        "d_sigma":{"max": 10, "min": 1},
        "e_center": {"value": 413, "max": 415, "min":411},
        "e_amplitude": {"min": 0},
        "e_sigma":{"max": 10, "min": 1},
        "f_center": {"value": 373, "max": 374, "min":370},
        "f_amplitude": {"min": 0},
        "f_sigma":{"max": 10, "min": 1},
    }

)
result.plot()
result
print(result.fit_report())
# test_curve = xps.spectrum.where(mask).mean(["x", "y"]).sel(eV=slice(-36, -31))
# test_curve = remove_shirley_background(test_curve)

selection = df['Energy(meas)'].between(370, 415, inclusive=False).to_numpy()
test_curve = data.sel(eV=selection)
#test_curve = remove_shirley_background(test_curve)

test_curve = test_curve - calculate_shirley_background_full_range(test_curve, max_iters=100)

test_model = GaussianModel(prefix="a_") + GaussianModel(prefix="b_") + GaussianModel(prefix="c_") + GaussianModel(prefix="d_") + GaussianModel(prefix="e_") + GaussianModel(prefix="f_")

result = test_model.guess_fit(
    test_curve-test_curve.min(),
    params={
        "a_center": {"value": 405 },
        "a_sigma": {"value": 1.5, "max": 2.5, "min": 1.4},
        "a_amplitude": {"min": 0},
        "b_center": {"value": 375},
        "b_amplitude": {"min": 0},
        "c_center": {"value": 398, "max": 399, "min":397},
        "c_amplitude": {"min": 0.3},
        "c_sigma":{"max": 3, "min": 1},
        "d_center": {"value": 393, "max": 396, "min":391},
        "d_amplitude": {"min": 0},
        "d_sigma":{"max": 10, "min": 1},
        "e_center": {"value": 413, "max": 415, "min":411},
        "e_amplitude": {"min": 0},
        "e_sigma":{"max": 10, "min": 1},
        "f_center": {"value": 383, "max": 386, "min":380},
        "f_amplitude": {"min": 0},
        "f_sigma":{"max": 10, "min": 1},
    }

)
result.plot()
result
# test_curve = xps.spectrum.where(mask).mean(["x", "y"]).sel(eV=slice(-36, -31))
# test_curve = remove_shirley_background(test_curve)

selection = df['Energy(meas)'].between(370, 415, inclusive=False).to_numpy()
test_curve = data.sel(eV=selection)
#test_curve = remove_shirley_background(test_curve)

test_curve = test_curve - calculate_shirley_background_full_range(test_curve, max_iters=100)

test_model = GaussianModel(prefix="a_") + GaussianModel(prefix="b_") + GaussianModel(prefix="c_") + GaussianModel(prefix="d_") + GaussianModel(prefix="e_") + GaussianModel(prefix="f_") + GaussianModel(prefix="g_")

result = test_model.guess_fit(
    test_curve-test_curve.min(),
    params={
        "a_center": {"value": 405 },
        "a_sigma": {"value": 1.5, "max": 2.5, "min": 1.4},
        "a_amplitude": {"min": 0},
        "b_center": {"value": 375},
        "b_amplitude": {"min": 0},
        "c_center": {"value": 398, "max": 399, "min":397},
        "c_amplitude": {"min": 0.3},
        "c_sigma":{"max": 3, "min": 1},
        "d_center": {"value": 393, "max": 396, "min":391},
        "d_amplitude": {"min": 0},
        "d_sigma":{"max": 10, "min": 1},
        "e_center": {"value": 413, "max": 415, "min":411},
        "e_amplitude": {"min": 0},
        "e_sigma":{"max": 10, "min": 1},
        "f_center": {"value": 383, "max": 386, "min":380},
        "f_amplitude": {"min": 0},
        "f_sigma":{"max": 10, "min": 1},
        "g_center": {"value": 372, "max": 373, "min":370},
        "g_amplitude": {"min": 0},
        "g_sigma":{"max": 10, "min": 1},
    }

)
result.plot()
result
selection = df['Energy(meas)'].between(370, 415, inclusive=False).to_numpy()
test_curve = data.sel(eV=selection)
#test_curve = remove_shirley_background(test_curve)

test_curve = test_curve - calculate_shirley_background_full_range(test_curve, max_iters=100)

test_model = GaussianModel(prefix="a_") + GaussianModel(prefix="b_") + GaussianModel(prefix="c_") + GaussianModel(prefix="d_") + GaussianModel(prefix="e_") + GaussianModel(prefix="f_")

result = test_model.guess_fit(
    test_curve-test_curve.min(),
    params={
        "a_center": {"value": 405 },
        "a_sigma": {"value": 1.5, "max": 2.5, "min": 1.4},
        "a_amplitude": {"min": 0},
        "b_center": {"value": 375},
        "b_amplitude": {"min": 0},
        "c_center": {"value": 398, "max": 399, "min":397},
        "c_amplitude": {"min": 0.3},
        "c_sigma":{"max": 3, "min": 1},
        "d_center": {"value": 393, "max": 396, "min":391},
        "d_amplitude": {"min": 0},
        "d_sigma":{"max": 10, "min": 1},
        "e_center": {"value": 413, "max": 415, "min":411},
        "e_amplitude": {"min": 0},
        "e_sigma":{"max": 10, "min": 1},
        "f_center": {"value": 373, "max": 374, "min":370},
        "f_amplitude": {"min": 0},
        "f_sigma":{"max": 10, "min": 1},
    }

)
result.plot()
result
selection = df['Energy(meas)'].between(370, 415, inclusive=False).to_numpy()
test_curve = data.sel(eV=selection)


test_curve = test_curve - calculate_shirley_background_full_range(test_curve, max_iters=100)

test_model = GaussianModel(prefix="a_") + GaussianModel(prefix="b_") + GaussianModel(prefix="c_") + GaussianModel(prefix="d_") + GaussianModel(prefix="e_") + GaussianModel(prefix="f_")

result = test_model.guess_fit(
    test_curve-test_curve.min(),
    params={
        "a_center": {"value": 405 },
        "a_sigma": {"value": 1.5, "max": 2.5, "min": 1.4},
        "a_amplitude": {"min": 0},
        "b_center": {"value": 375},
        "b_amplitude": {"min": 0},
        "c_center": {"value": 398, "max": 399, "min":397},
        "c_amplitude": {"min": 0.3},
        "c_sigma":{"max": 3, "min": 1},
        "d_center": {"value": 393, "max": 396, "min":391},
        "d_amplitude": {"min": 0},
        "d_sigma":{"max": 10, "min": 1},
        "e_center": {"value": 413, "max": 415, "min":411},
        "e_amplitude": {"min": 0},
        "e_sigma":{"max": 10, "min": 1},
        "f_center": {"value": 373, "max": 374, "min":370},
        "f_amplitude": {"min": 0},
        "f_sigma":{"max": 10, "min": 1},
    }

)
result.plot()
result
print(result.fit_report())
