# IPython log file

import numpy as np
import pandas as pd
import matplotlib.pyplot as plt 
from arpes.io import load_data
import xarray as xr
def load_csv_datatype(path_to_file: str, 
                      n_scans: int= 1,
                      energy_key: str = 'Energy(meas)',
                      dim_name: str = 'eV') -> xr.DataArray:
    """
    This function load a dataset in the csv format using pandas.
    the number of scans need to be manually insered. 
    If multiple scans are present the mean is considered 
    """

    df = pd.read_csv(path_to_file, skiprows=1, sep='\t')

    scan_list = [f'Scan{i}' for i in range(1,n_scans+1)]
    loaded_data = df[scan_list].mean(axis=1).to_numpy()
    
    #loaded_data = [df[key].to_numpy().T for key in scan_list]

    coords = {dim_name : df[energy_key].to_numpy()}

    return xr.DataArray(
        loaded_data,
        coords=coords,
        dims=dim_name,
        # attrs={...} <- attributes here
    )
data_path = 'dati/Coin_Mg_50V_fullspctra.csv'

df = pd.read_csv(data_path, skiprows=1, sep='\t')
df
data = load_csv_datatype(path_to_file=data_path, n_scans=7)

# Plot datas
fig, axes = plt.subplots(1, 1, figsize=(6,4))

#data.sum("eV").S.plot(ax=axes)
data.S.plot(ax=axes)

plt.tight_layout()
data = load_csv_datatype(path_to_file=data_path, n_scans=1)

# Plot datas
fig, axes = plt.subplots(1, 1, figsize=(6,4))

#data.sum("eV").S.plot(ax=axes)
data.S.plot(ax=axes)

plt.tight_layout()
data_path = 'dati/Coin_Mg_50V_fullspctra.csv'

df = pd.read_csv(data_path, skiprows=1, sep='\t')
df
data = load_csv_datatype(path_to_file=data_path, n_scans=1)

# Plot datas
fig, axes = plt.subplots(1, 1, figsize=(6,4))

#data.sum("eV").S.plot(ax=axes)
data.S.plot(ax=axes)

plt.tight_layout()
fermi_energy = 1244.00000 #+/- 7.18180244

df['BindingEnergy'] = fermi_energy - df['Energy(meas)']

df
df.plot(['Energy(meas)'], ['Sum'])
df.plot('Energy(meas)', 'Sum')
df.plot('Energy(meas)', 'Sum')
plt.show()

df.plot('BindingEnergy', 'Sum')
plt.show()
# df.plot('Energy(meas)', 'Sum')
# plt.show()

df.plot('BindingEnergy', 'Sum')
plt.title('Spectrum of coin')
plt.xlabel('Binding energy [eV]')
plt.ylabel('Counts')
plt.show()
# df.plot('Energy(meas)', 'Sum')
# plt.show()

df.plot(df['BindingEnergy']!= 0, df['Sum'][np.where(df['BindingEnergy']!= 0)])
plt.title('Spectrum of coin')
plt.xlabel('Binding energy [eV]')
plt.ylabel('Counts')
plt.show()
# df.plot('Energy(meas)', 'Sum')
# plt.show()

df.plot(df['BindingEnergy'], df['Sum'])
plt.title('Spectrum of coin')
plt.xlabel('Binding energy [eV]')
plt.ylabel('Counts')
plt.show()
# df.plot('Energy(meas)', 'Sum')
# plt.show()

df.plot('BindingEnergy','Sum')
plt.title('Spectrum of coin')
plt.xlabel('Binding energy [eV]')
plt.ylabel('Counts')
plt.show()
# df.plot('Energy(meas)', 'Sum')
# plt.show()

plt..plot(df['BindingEnergy'], df['Sum'][np.where(df['BindingEnergy']!= 0)])
plt.title('Spectrum of coin')
plt.xlabel('Binding energy [eV]')
plt.ylabel('Counts')
plt.show()
# df.plot('Energy(meas)', 'Sum')
# plt.show()

plt.plot(df['BindingEnergy'], df['Sum'][np.where(df['BindingEnergy']!= 0)])
plt.title('Spectrum of coin')
plt.xlabel('Binding energy [eV]')
plt.ylabel('Counts')
plt.show()
# df.plot('Energy(meas)', 'Sum')
# plt.show()

df.plot('BindingEnergy', 'Sum')
plt.title('Spectrum of coin')
plt.xlabel('Binding energy [eV]')
plt.ylabel('Counts')
plt.show()
# Save nev csv file for spectra analisis

df[['BindingEnergy', 'Scan1']].to_csv('dati/Coin_MG_50V_binding.csv')
# Save nev csv file for spectra analisis

df[['BindingEnergy', 'Scan1']].to_csv('dati/Coin_MG_50V_binding.csv', index=False)
# Save nev csv file for spectra analisis

df[['Energy(meas)', 'Scan1']].to_csv('dati/Coin_MG_50V_binding1.csv', index=False)
df.plot('Energy(meas)', 'Sum')
# plt.show()

#df.plot('BindingEnergy', 'Sum')
plt.title('Spectrum of coin')
plt.xlabel('Binding energy [eV]')
plt.ylabel('Counts')
plt.show()
#df.plot('Energy(meas)', 'Sum')
# plt.show()

df.plot('BindingEnergy', 'Sum')
plt.title('Spectrum of coin')
plt.xlabel('Binding energy [eV]')
plt.ylabel('Counts')
plt.show()
#df.plot('Energy(meas)', 'Sum')
# plt.show()

positive_mask = np.where(df['BindingEnergy'].to_numpy()>=0)

df.plot('BindingEnergy', 'Sum')
plt.title('Spectrum of coin')
plt.xlabel('Binding energy [eV]')
plt.ylabel('Counts')
plt.show()
#df.plot('Energy(meas)', 'Sum')
# plt.show()

positive_mask = np.where(df['BindingEnergy'].to_numpy()>=0)

be = df['BindingEnergy'].to_numpy()[positive_mask]
count = df['Scan1'].to_numpy()[positive_mask]

plt.plot(be,count)
plt.title('Spectrum of coin')
plt.xlabel('Binding energy [eV]')
plt.ylabel('Counts')
plt.show()
#df.plot('Energy(meas)', 'Sum')
# plt.show()

positive_mask = np.where(df['BindingEnergy'].to_numpy()>=0)

be = df['BindingEnergy'].to_numpy()[positive_mask]
count = df['Scan1'].to_numpy()[positive_mask]

plt.plot(be,count)
plt.title('Spectrum of coin')
plt.xlabel('Binding energy [eV]')
plt.ylabel('Counts')
plt.show(figsize=(10,5))
#df.plot('Energy(meas)', 'Sum')
# plt.show()

positive_mask = np.where(df['BindingEnergy'].to_numpy()>=0)

be = df['BindingEnergy'].to_numpy()[positive_mask]
count = df['Scan1'].to_numpy()[positive_mask]

fig = plt.figure(figsize=(15,5))
plt.plot(be,count)
plt.title('Spectrum of coin')
plt.xlabel('Binding energy [eV]')
plt.ylabel('Counts')
plt.show()
#df.plot('Energy(meas)', 'Sum')
# plt.show()

positive_mask = np.where(df['BindingEnergy'].to_numpy()>=0)

be = df['BindingEnergy'].to_numpy()[positive_mask]
count = df['Scan1'].to_numpy()[positive_mask]

fig = plt.figure(figsize=(15,5))
plt.plot(be,count)
plt.title('Spectrum of 10 DM coin')
plt.xlabel('Binding energy [eV]')
plt.ylabel('Counts')
plt.show()
def load_csv_datatype(path_to_file: str, 
                      n_scans: int= 1,
                      energy_key: str = 'Energy(meas)',
                      dim_name: str = 'eV') -> xr.DataArray:
    """
    This function load a dataset in the csv format using pandas.
    the number of scans need to be manually insered. 
    If multiple scans are present the mean is considered 
    """

    df = pd.read_csv(path_to_file, skiprows=1, sep='\t')

    scan_list = [f'Scan{i}' for i in range(1,n_scans+1)]
    loaded_data = df[scan_list].mean(axis=1).to_numpy()
    
    #loaded_data = [df[key].to_numpy().T for key in scan_list]

    coords = {dim_name : df[energy_key].to_numpy()}

    return xr.DataArray(
        loaded_data,
        coords=coords,
        dims=dim_name,
        # attrs={...} <- attributes here
    )
data = load_csv_datatype(path_to_file=data_path, energy_key='BindingEnergy', n_scans=1)

# Plot datas
fig, axes = plt.subplots(1, 1, figsize=(6,4))

#data.sum("eV").S.plot(ax=axes)
data.S.plot(ax=axes)

plt.tight_layout()
def load_csv_datatype(path_to_file: str = None, 
                      df: pd.Dataframe = None,
                      n_scans: int= 1,
                      energy_key: str = 'Energy(meas)',
                      dim_name: str = 'eV') -> xr.DataArray:
    """
    This function load a dataset in the csv format using pandas.
    the number of scans need to be manually insered. 
    If multiple scans are present the mean is considered 
    """
    if path_to_file is not None:
        df = pd.read_csv(path_to_file, skiprows=1, sep='\t')
    elif df is not None:
        pass
    else:
        print('One of path_to_file or df need to be specified')
        return 0

    scan_list = [f'Scan{i}' for i in range(1,n_scans+1)]
    loaded_data = df[scan_list].mean(axis=1).to_numpy()
    
    #loaded_data = [df[key].to_numpy().T for key in scan_list]

    coords = {dim_name : df[energy_key].to_numpy()}

    return xr.DataArray(
        loaded_data,
        coords=coords,
        dims=dim_name,
        # attrs={...} <- attributes here
    )
def load_csv_datatype(path_to_file: str = None, 
                      df = None,
                      n_scans: int= 1,
                      energy_key: str = 'Energy(meas)',
                      dim_name: str = 'eV') -> xr.DataArray:
    """
    This function load a dataset in the csv format using pandas.
    the number of scans need to be manually insered. 
    If multiple scans are present the mean is considered 
    """
    if path_to_file is not None:
        df = pd.read_csv(path_to_file, skiprows=1, sep='\t')
    elif df is not None:
        pass
    else:
        print('One of path_to_file or df need to be specified')
        return 0

    scan_list = [f'Scan{i}' for i in range(1,n_scans+1)]
    loaded_data = df[scan_list].mean(axis=1).to_numpy()
    
    #loaded_data = [df[key].to_numpy().T for key in scan_list]

    coords = {dim_name : df[energy_key].to_numpy()}

    return xr.DataArray(
        loaded_data,
        coords=coords,
        dims=dim_name,
        # attrs={...} <- attributes here
    )
data_path = 'dati/Coin_Mg_50V_fullspctra.csv'

df = pd.read_csv(data_path, skiprows=1, sep='\t')
df
fermi_energy = 1244.00000 #+/- 7.18180244

df['BindingEnergy'] = fermi_energy - df['Energy(meas)']

df
#df.plot('Energy(meas)', 'Sum')
# plt.show()

positive_mask = np.where(df['BindingEnergy'].to_numpy()>=0)

be = df['BindingEnergy'].to_numpy()[positive_mask]
count = df['Scan1'].to_numpy()[positive_mask]

fig = plt.figure(figsize=(15,5))
plt.plot(be,count)
plt.title('Spectrum of 10 DM coin')
plt.xlabel('Binding energy [eV]')
plt.ylabel('Counts')
plt.show()
# Save nev csv file for spectra analisis

df[['Energy(meas)', 'Scan1']].to_csv('dati/Coin_MG_50V_binding1.csv', index=False)
data = load_csv_datatype(path_to_file=data_path, energy_key='BindingEnergy', n_scans=1)

# Plot datas
fig, axes = plt.subplots(1, 1, figsize=(6,4))

#data.sum("eV").S.plot(ax=axes)
data.S.plot(ax=axes)

plt.tight_layout()
data = load_csv_datatype(df=data_path, energy_key='BindingEnergy', n_scans=1)

# Plot datas
fig, axes = plt.subplots(1, 1, figsize=(6,4))

#data.sum("eV").S.plot(ax=axes)
data.S.plot(ax=axes)

plt.tight_layout()
data = load_csv_datatype(df=df, energy_key='BindingEnergy', n_scans=1)

# Plot datas
fig, axes = plt.subplots(1, 1, figsize=(6,4))

#data.sum("eV").S.plot(ax=axes)
data.S.plot(ax=axes)

plt.tight_layout()
from arpes.fits.fit_models import GaussianModel, AffineBackgroundModel, LorentzianModel, VoigtModel
from arpes.analysis.shirley import remove_shirley_background, calculate_shirley_background_full_range
from arpes.fits.utilities import result_to_hints
#test_curve = data.spectrum.where(ws2_mask & ~wide_peak_mask).mean(["x", "y"]).sel(eV=slice(-36, -31))

# Selection
selection = df['Energy(meas)'].between(250, 350, inclusive=False).to_numpy()

test_curve = data.sel(eV=selection)
test_curve = test_curve - calculate_shirley_background_full_range(test_curve, max_iters=100)

test_model =  GaussianModel(prefix="a_") + GaussianModel(prefix="b_")

result = test_model.guess_fit(
    test_curve - test_curve.min(),
    params={
        "a_center": {"value": 653, "max":655, "min":651 },
        "a_amplitude": {"min": 0},
        "b_center": {"value": 683, "max":687, "min":680},
        "b_amplitude": {"min": 0},
    }
)
result.plot()
result
from arpes.fits.fit_models import GaussianModel, AffineBackgroundModel, LorentzianModel, VoigtModel
from arpes.analysis.shirley import remove_shirley_background, calculate_shirley_background_full_range
from arpes.fits.utilities import result_to_hints
#test_curve = data.spectrum.where(ws2_mask & ~wide_peak_mask).mean(["x", "y"]).sel(eV=slice(-36, -31))

# Selection
selection = df['Energy(meas)'].between(200, 400, inclusive=False).to_numpy()

test_curve = data.sel(eV=selection)
test_curve = test_curve - calculate_shirley_background_full_range(test_curve, max_iters=100)

test_model =  GaussianModel(prefix="a_") + GaussianModel(prefix="b_")

result = test_model.guess_fit(
    test_curve - test_curve.min(),
    params={
        "a_center": {"value": 653, "max":655, "min":651 },
        "a_amplitude": {"min": 0},
        "b_center": {"value": 683, "max":687, "min":680},
        "b_amplitude": {"min": 0},
    }
)
result.plot()
result
from arpes.fits.fit_models import GaussianModel, AffineBackgroundModel, LorentzianModel, VoigtModel
from arpes.analysis.shirley import remove_shirley_background, calculate_shirley_background_full_range
from arpes.fits.utilities import result_to_hints
#test_curve = data.spectrum.where(ws2_mask & ~wide_peak_mask).mean(["x", "y"]).sel(eV=slice(-36, -31))

# Selection
selection = df['Energy(meas)'].between(200, 400, inclusive=False).to_numpy()

test_curve = data.sel(eV=selection)
test_curve = test_curve - calculate_shirley_background_full_range(test_curve, max_iters=100)

test_model =  GaussianModel(prefix="a_") + GaussianModel(prefix="b_")

result = test_model.guess_fit(
    test_curve - test_curve.min(),
    # params={
    #     "a_center": {"value": 653, "max":655, "min":651 },
    #     "a_amplitude": {"min": 0},
    #     "b_center": {"value": 683, "max":687, "min":680},
    #     "b_amplitude": {"min": 0},
    # }
)
result.plot()
result
from arpes.fits.fit_models import GaussianModel, AffineBackgroundModel, LorentzianModel, VoigtModel
from arpes.analysis.shirley import remove_shirley_background, calculate_shirley_background_full_range
from arpes.fits.utilities import result_to_hints
#test_curve = data.spectrum.where(ws2_mask & ~wide_peak_mask).mean(["x", "y"]).sel(eV=slice(-36, -31))

# Selection
selection = df['Energy(meas)'].between(270, 320, inclusive=False).to_numpy()

test_curve = data.sel(eV=selection)
test_curve = test_curve - calculate_shirley_background_full_range(test_curve, max_iters=100)

test_model =  GaussianModel(prefix="a_") + GaussianModel(prefix="b_")

result = test_model.guess_fit(
    test_curve - test_curve.min(),
    # params={
    #     "a_center": {"value": 653, "max":655, "min":651 },
    #     "a_amplitude": {"min": 0},
    #     "b_center": {"value": 683, "max":687, "min":680},
    #     "b_amplitude": {"min": 0},
    # }
)
result.plot()
result
from arpes.fits.fit_models import GaussianModel, AffineBackgroundModel, LorentzianModel, VoigtModel
from arpes.analysis.shirley import remove_shirley_background, calculate_shirley_background_full_range
from arpes.fits.utilities import result_to_hints
#test_curve = data.spectrum.where(ws2_mask & ~wide_peak_mask).mean(["x", "y"]).sel(eV=slice(-36, -31))

# Selection
selection = df['Energy(meas)'].between(260, 320, inclusive=False).to_numpy()

test_curve = data.sel(eV=selection)
test_curve = test_curve - calculate_shirley_background_full_range(test_curve, max_iters=100)

test_model =  GaussianModel(prefix="a_") + GaussianModel(prefix="b_")

result = test_model.guess_fit(
    test_curve - test_curve.min(),
    # params={
    #     "a_center": {"value": 653, "max":655, "min":651 },
    #     "a_amplitude": {"min": 0},
    #     "b_center": {"value": 683, "max":687, "min":680},
    #     "b_amplitude": {"min": 0},
    # }
)
result.plot()
result
from arpes.fits.fit_models import GaussianModel, AffineBackgroundModel, LorentzianModel, VoigtModel
from arpes.analysis.shirley import remove_shirley_background, calculate_shirley_background_full_range
from arpes.fits.utilities import result_to_hints
#test_curve = data.spectrum.where(ws2_mask & ~wide_peak_mask).mean(["x", "y"]).sel(eV=slice(-36, -31))

# Selection
selection = df['Energy(meas)'].between(260, 300, inclusive=False).to_numpy()

test_curve = data.sel(eV=selection)
test_curve = test_curve - calculate_shirley_background_full_range(test_curve, max_iters=100)

test_model =  GaussianModel(prefix="a_") + GaussianModel(prefix="b_")

result = test_model.guess_fit(
    test_curve - test_curve.min(),
    # params={
    #     "a_center": {"value": 653, "max":655, "min":651 },
    #     "a_amplitude": {"min": 0},
    #     "b_center": {"value": 683, "max":687, "min":680},
    #     "b_amplitude": {"min": 0},
    # }
)
result.plot()
result
def load_csv_datatype(path_to_file: str = None, 
                      df = None,
                      n_scans: int= 1,
                      energy_key: str = 'Energy(meas)',
                      dim_name: str = 'eV') -> xr.DataArray:
    """
    This function load a dataset in the csv format using pandas.
    the number of scans need to be manually insered. 
    If multiple scans are present the mean is considered 
    """
    if path_to_file is not None:
        df = pd.read_csv(path_to_file, skiprows=1, sep='\t')
    elif df is not None:
        df=df
    else:
        print('One of path_to_file or df need to be specified')
        return 0

    scan_list = [f'Scan{i}' for i in range(1,n_scans+1)]
    loaded_data = df[scan_list].mean(axis=1).to_numpy()
    
    #loaded_data = [df[key].to_numpy().T for key in scan_list]

    coords = {dim_name : df[energy_key].to_numpy()}

    return xr.DataArray(
        loaded_data,
        coords=coords,
        dims=dim_name,
        # attrs={...} <- attributes here
    )
data = load_csv_datatype(df=df, energy_key='BindingEnergy', n_scans=1)

# Plot datas
fig, axes = plt.subplots(1, 1, figsize=(6,4))

#data.sum("eV").S.plot(ax=axes)
data.S.plot(ax=axes)

plt.tight_layout()
from arpes.fits.fit_models import GaussianModel, AffineBackgroundModel, LorentzianModel, VoigtModel
from arpes.analysis.shirley import remove_shirley_background, calculate_shirley_background_full_range
from arpes.fits.utilities import result_to_hints
#test_curve = data.spectrum.where(ws2_mask & ~wide_peak_mask).mean(["x", "y"]).sel(eV=slice(-36, -31))

# Selection
selection = df['Energy(meas)'].between(260, 300, inclusive=False).to_numpy()

test_curve = data.sel(eV=selection)
test_curve = test_curve - calculate_shirley_background_full_range(test_curve, max_iters=100)

test_model =  GaussianModel(prefix="a_") + GaussianModel(prefix="b_")

result = test_model.guess_fit(
    test_curve - test_curve.min(),
    # params={
    #     "a_center": {"value": 653, "max":655, "min":651 },
    #     "a_amplitude": {"min": 0},
    #     "b_center": {"value": 683, "max":687, "min":680},
    #     "b_amplitude": {"min": 0},
    # }
)
result.plot()
result
from arpes.fits.fit_models import GaussianModel, AffineBackgroundModel, LorentzianModel, VoigtModel
from arpes.analysis.shirley import remove_shirley_background, calculate_shirley_background_full_range
from arpes.fits.utilities import result_to_hints
#test_curve = data.spectrum.where(ws2_mask & ~wide_peak_mask).mean(["x", "y"]).sel(eV=slice(-36, -31))

# Selection
selection = df['BindingEnergy'].between(260, 300, inclusive=False).to_numpy()

test_curve = data.sel(eV=selection)
test_curve = test_curve - calculate_shirley_background_full_range(test_curve, max_iters=100)

test_model =  GaussianModel(prefix="a_") + GaussianModel(prefix="b_")

result = test_model.guess_fit(
    test_curve - test_curve.min(),
    # params={
    #     "a_center": {"value": 653, "max":655, "min":651 },
    #     "a_amplitude": {"min": 0},
    #     "b_center": {"value": 683, "max":687, "min":680},
    #     "b_amplitude": {"min": 0},
    # }
)
result.plot()
result
from arpes.fits.fit_models import GaussianModel, AffineBackgroundModel, LorentzianModel, VoigtModel
from arpes.analysis.shirley import remove_shirley_background, calculate_shirley_background_full_range
from arpes.fits.utilities import result_to_hints
#test_curve = data.spectrum.where(ws2_mask & ~wide_peak_mask).mean(["x", "y"]).sel(eV=slice(-36, -31))

# Selection
selection = df['BindingEnergy'].between(270, 300, inclusive=False).to_numpy()

test_curve = data.sel(eV=selection)
test_curve = test_curve - calculate_shirley_background_full_range(test_curve, max_iters=100)

test_model =  GaussianModel(prefix="a_") + GaussianModel(prefix="b_")

result = test_model.guess_fit(
    test_curve - test_curve.min(),
    # params={
    #     "a_center": {"value": 653, "max":655, "min":651 },
    #     "a_amplitude": {"min": 0},
    #     "b_center": {"value": 683, "max":687, "min":680},
    #     "b_amplitude": {"min": 0},
    # }
)
result.plot()
result
from arpes.fits.fit_models import GaussianModel, AffineBackgroundModel, LorentzianModel, VoigtModel
from arpes.analysis.shirley import remove_shirley_background, calculate_shirley_background_full_range
from arpes.fits.utilities import result_to_hints
#test_curve = data.spectrum.where(ws2_mask & ~wide_peak_mask).mean(["x", "y"]).sel(eV=slice(-36, -31))

# Selection
selection = df['BindingEnergy'].between(270, 285, inclusive=False).to_numpy()

test_curve = data.sel(eV=selection)
test_curve = test_curve - calculate_shirley_background_full_range(test_curve, max_iters=100)

test_model =  GaussianModel(prefix="a_") #+ GaussianModel(prefix="b_")

result = test_model.guess_fit(
    test_curve - test_curve.min(),
    # params={
    #     "a_center": {"value": 653, "max":655, "min":651 },
    #     "a_amplitude": {"min": 0},
    #     "b_center": {"value": 683, "max":687, "min":680},
    #     "b_amplitude": {"min": 0},
    # }
)
result.plot()
result
from arpes.fits.fit_models import GaussianModel, AffineBackgroundModel, LorentzianModel, VoigtModel
from arpes.analysis.shirley import remove_shirley_background, calculate_shirley_background_full_range
from arpes.fits.utilities import result_to_hints
#test_curve = data.spectrum.where(ws2_mask & ~wide_peak_mask).mean(["x", "y"]).sel(eV=slice(-36, -31))

# Selection
selection = df['BindingEnergy'].between(400, 500, inclusive=False).to_numpy()

test_curve = data.sel(eV=selection)
test_curve = test_curve - calculate_shirley_background_full_range(test_curve, max_iters=100)

test_model =  GaussianModel(prefix="a_") #+ GaussianModel(prefix="b_")

result = test_model.guess_fit(
    test_curve - test_curve.min(),
    # params={
    #     "a_center": {"value": 653, "max":655, "min":651 },
    #     "a_amplitude": {"min": 0},
    #     "b_center": {"value": 683, "max":687, "min":680},
    #     "b_amplitude": {"min": 0},
    # }
)
result.plot()
result
from arpes.fits.fit_models import GaussianModel, AffineBackgroundModel, LorentzianModel, VoigtModel
from arpes.analysis.shirley import remove_shirley_background, calculate_shirley_background_full_range
from arpes.fits.utilities import result_to_hints
#test_curve = data.spectrum.where(ws2_mask & ~wide_peak_mask).mean(["x", "y"]).sel(eV=slice(-36, -31))

# Selection
selection = df['BindingEnergy'].between(400, 550, inclusive=False).to_numpy()

test_curve = data.sel(eV=selection)
test_curve = test_curve - calculate_shirley_background_full_range(test_curve, max_iters=100)

test_model =  GaussianModel(prefix="a_") #+ GaussianModel(prefix="b_")

result = test_model.guess_fit(
    test_curve - test_curve.min(),
    # params={
    #     "a_center": {"value": 653, "max":655, "min":651 },
    #     "a_amplitude": {"min": 0},
    #     "b_center": {"value": 683, "max":687, "min":680},
    #     "b_amplitude": {"min": 0},
    # }
)
result.plot()
result
from arpes.fits.fit_models import GaussianModel, AffineBackgroundModel, LorentzianModel, VoigtModel
from arpes.analysis.shirley import remove_shirley_background, calculate_shirley_background_full_range
from arpes.fits.utilities import result_to_hints
#test_curve = data.spectrum.where(ws2_mask & ~wide_peak_mask).mean(["x", "y"]).sel(eV=slice(-36, -31))

# Selection
selection = df['BindingEnergy'].between(520, 540, inclusive=False).to_numpy()

test_curve = data.sel(eV=selection)
test_curve = test_curve - calculate_shirley_background_full_range(test_curve, max_iters=100)

test_model =  GaussianModel(prefix="a_") #+ GaussianModel(prefix="b_")

result = test_model.guess_fit(
    test_curve - test_curve.min(),
    # params={
    #     "a_center": {"value": 653, "max":655, "min":651 },
    #     "a_amplitude": {"min": 0},
    #     "b_center": {"value": 683, "max":687, "min":680},
    #     "b_amplitude": {"min": 0},
    # }
)
result.plot()
result
from arpes.fits.fit_models import GaussianModel, AffineBackgroundModel, LorentzianModel, VoigtModel
from arpes.analysis.shirley import remove_shirley_background, calculate_shirley_background_full_range
from arpes.fits.utilities import result_to_hints
#test_curve = data.spectrum.where(ws2_mask & ~wide_peak_mask).mean(["x", "y"]).sel(eV=slice(-36, -31))

# Selection
selection = df['BindingEnergy'].between(510, 530, inclusive=False).to_numpy()

test_curve = data.sel(eV=selection)
test_curve = test_curve - calculate_shirley_background_full_range(test_curve, max_iters=100)

test_model =  GaussianModel(prefix="a_") #+ GaussianModel(prefix="b_")

result = test_model.guess_fit(
    test_curve - test_curve.min(),
    # params={
    #     "a_center": {"value": 653, "max":655, "min":651 },
    #     "a_amplitude": {"min": 0},
    #     "b_center": {"value": 683, "max":687, "min":680},
    #     "b_amplitude": {"min": 0},
    # }
)
result.plot()
result
from arpes.fits.fit_models import GaussianModel, AffineBackgroundModel, LorentzianModel, VoigtModel
from arpes.analysis.shirley import remove_shirley_background, calculate_shirley_background_full_range
from arpes.fits.utilities import result_to_hints
#test_curve = data.spectrum.where(ws2_mask & ~wide_peak_mask).mean(["x", "y"]).sel(eV=slice(-36, -31))

# Selection
selection = df['BindingEnergy'].between(900, 100, inclusive=False).to_numpy()

test_curve = data.sel(eV=selection)
test_curve = test_curve - calculate_shirley_background_full_range(test_curve, max_iters=100)

test_model =  GaussianModel(prefix="a_") #+ GaussianModel(prefix="b_")

result = test_model.guess_fit(
    test_curve - test_curve.min(),
    # params={
    #     "a_center": {"value": 653, "max":655, "min":651 },
    #     "a_amplitude": {"min": 0},
    #     "b_center": {"value": 683, "max":687, "min":680},
    #     "b_amplitude": {"min": 0},
    # }
)
result.plot()
result
from arpes.fits.fit_models import GaussianModel, AffineBackgroundModel, LorentzianModel, VoigtModel
from arpes.analysis.shirley import remove_shirley_background, calculate_shirley_background_full_range
from arpes.fits.utilities import result_to_hints
#test_curve = data.spectrum.where(ws2_mask & ~wide_peak_mask).mean(["x", "y"]).sel(eV=slice(-36, -31))

# Selection
selection = df['BindingEnergy'].between(900, 1000, inclusive=False).to_numpy()

test_curve = data.sel(eV=selection)
test_curve = test_curve - calculate_shirley_background_full_range(test_curve, max_iters=100)

test_model =  GaussianModel(prefix="a_") #+ GaussianModel(prefix="b_")

result = test_model.guess_fit(
    test_curve - test_curve.min(),
    # params={
    #     "a_center": {"value": 653, "max":655, "min":651 },
    #     "a_amplitude": {"min": 0},
    #     "b_center": {"value": 683, "max":687, "min":680},
    #     "b_amplitude": {"min": 0},
    # }
)
result.plot()
result
from arpes.fits.fit_models import GaussianModel, AffineBackgroundModel, LorentzianModel, VoigtModel
from arpes.analysis.shirley import remove_shirley_background, calculate_shirley_background_full_range
from arpes.fits.utilities import result_to_hints
#test_curve = data.spectrum.where(ws2_mask & ~wide_peak_mask).mean(["x", "y"]).sel(eV=slice(-36, -31))

# Selection
selection = df['BindingEnergy'].between(900, 930, inclusive=False).to_numpy()

test_curve = data.sel(eV=selection)
test_curve = test_curve - calculate_shirley_background_full_range(test_curve, max_iters=100)

test_model =  GaussianModel(prefix="a_") #+ GaussianModel(prefix="b_")

result = test_model.guess_fit(
    test_curve - test_curve.min(),
    # params={
    #     "a_center": {"value": 653, "max":655, "min":651 },
    #     "a_amplitude": {"min": 0},
    #     "b_center": {"value": 683, "max":687, "min":680},
    #     "b_amplitude": {"min": 0},
    # }
)
result.plot()
result
from arpes.fits.fit_models import GaussianModel, AffineBackgroundModel, LorentzianModel, VoigtModel
from arpes.analysis.shirley import remove_shirley_background, calculate_shirley_background_full_range
from arpes.fits.utilities import result_to_hints
#test_curve = data.spectrum.where(ws2_mask & ~wide_peak_mask).mean(["x", "y"]).sel(eV=slice(-36, -31))

# Selection
selection = df['BindingEnergy'].between(900, 1000, inclusive=False).to_numpy()

test_curve = data.sel(eV=selection)
test_curve = test_curve - calculate_shirley_background_full_range(test_curve, max_iters=100)

test_model =  GaussianModel(prefix="a_") #+ GaussianModel(prefix="b_")

result = test_model.guess_fit(
    test_curve - test_curve.min(),
    # params={
    #     "a_center": {"value": 653, "max":655, "min":651 },
    #     "a_amplitude": {"min": 0},
    #     "b_center": {"value": 683, "max":687, "min":680},
    #     "b_amplitude": {"min": 0},
    # }
)
result.plot()
result
from arpes.fits.fit_models import GaussianModel, AffineBackgroundModel, LorentzianModel, VoigtModel
from arpes.analysis.shirley import remove_shirley_background, calculate_shirley_background_full_range
from arpes.fits.utilities import result_to_hints
#test_curve = data.spectrum.where(ws2_mask & ~wide_peak_mask).mean(["x", "y"]).sel(eV=slice(-36, -31))

# Selection
selection = df['BindingEnergy'].between(910, 930, inclusive=False).to_numpy()

test_curve = data.sel(eV=selection)
test_curve = test_curve - calculate_shirley_background_full_range(test_curve, max_iters=100)

test_model =  GaussianModel(prefix="a_") #+ GaussianModel(prefix="b_")

result = test_model.guess_fit(
    test_curve - test_curve.min(),
    # params={
    #     "a_center": {"value": 653, "max":655, "min":651 },
    #     "a_amplitude": {"min": 0},
    #     "b_center": {"value": 683, "max":687, "min":680},
    #     "b_amplitude": {"min": 0},
    # }
)
result.plot()
result
from arpes.fits.fit_models import GaussianModel, AffineBackgroundModel, LorentzianModel, VoigtModel
from arpes.analysis.shirley import remove_shirley_background, calculate_shirley_background_full_range
from arpes.fits.utilities import result_to_hints
#test_curve = data.spectrum.where(ws2_mask & ~wide_peak_mask).mean(["x", "y"]).sel(eV=slice(-36, -31))

# Selection
selection = df['BindingEnergy'].between(930, 950, inclusive=False).to_numpy()

test_curve = data.sel(eV=selection)
test_curve = test_curve - calculate_shirley_background_full_range(test_curve, max_iters=100)

test_model =  GaussianModel(prefix="a_") #+ GaussianModel(prefix="b_")

result = test_model.guess_fit(
    test_curve - test_curve.min(),
    # params={
    #     "a_center": {"value": 653, "max":655, "min":651 },
    #     "a_amplitude": {"min": 0},
    #     "b_center": {"value": 683, "max":687, "min":680},
    #     "b_amplitude": {"min": 0},
    # }
)
result.plot()
result
#df.plot('Energy(meas)', 'Sum')
# plt.show()

positive_mask = np.where(df['BindingEnergy'].to_numpy()>=0)

be = df['BindingEnergy'].to_numpy()[positive_mask]
count = df['Scan1'].to_numpy()[positive_mask]

fig = plt.figure(figsize=(15,5))
plt.plot(be,count)

# Cu
plt.text(952.3, 2700, 'Cu 2p1/2', rotation='vertical')
plt.text(932.7, 2700, 'Cu 2p3/2', rotation='vertical')
plt.text(1096.7, 2700, 'Cu 2s', rotation='vertical')
# C
plt.text(284.2, 2700, 'C 1s', rotation='vertical')
# Fe
plt.text(706.8, 2700, 'Fe 2p3/2', rotation='vertical')
plt.text(719.9, 2700, 'Fe 2p1/2', rotation='vertical')
plt.text(844.6, 2700, 'Fe 2s', rotation='vertical')
# Sn
plt.text(884.7, 2700, 'Sn 3s', rotation='vertical')
plt.text(756.5, 2700, 'Sn 3p1/2', rotation='vertical')
plt.text(714.6, 2700, 'Sn 3p3/2', rotation='vertical')
plt.text(493.2, 2700, 'Sn 3d3/2', rotation='vertical')
plt.text(484.9, 2700, 'Sn 3d5/2', rotation='vertical')
# Zn
plt.text(1044.9, 2700, 'Zn 2p1/2', rotation='vertical')
plt.text(1021.8, 2700, 'Zn 2p3/2', rotation='vertical')
# Ag
plt.text(719.0, 2700, 'Ag 3s', rotation='vertical')
plt.text(603.8, 2700, 'Ag 3p1/2', rotation='vertical')
plt.text(573.0, 2700, 'Ag 3p3/2', rotation='vertical')
plt.text(374.0, 2700, 'Ag 3d3/2', rotation='vertical')
plt.text(368.0, 2700, 'Ag 3d5/2', rotation='vertical')
# Pb
plt.text(671.6, 2700, 'Pb 3s', rotation='vertical')
plt.text(559.9, 2700, 'Pb 3p1/2', rotation='vertical')
plt.text(532.3, 2700, 'Pb 3p3/2', rotation='vertical')
plt.text(340.5, 2700, 'Pb 3d3/2', rotation='vertical')
plt.text(335.2, 2700, 'Pb 3d5/2', rotation='vertical')
# Fe
plt.text(852.7, 2700, 'Ni 2p3/2', rotation='vertical')
plt.text(870.0, 2700, 'Ni 2p1/2', rotation='vertical')
plt.text(1008.6, 2700, 'Ni 2s', rotation='vertical')

plt.title('Spectrum of 10 DM coin')
plt.xlabel('Binding energy [eV]')
plt.ylabel('Counts')
plt.show()
#df.plot('Energy(meas)', 'Sum')
# plt.show()

positive_mask = np.where(df['BindingEnergy'].to_numpy()>=0)

be = df['BindingEnergy'].to_numpy()[positive_mask]
count = df['Scan1'].to_numpy()[positive_mask]

fig = plt.figure(figsize=(15,5))
plt.plot(be,count)

# Cu
plt.text(952.3, 2100, 'Cu 2p1/2', rotation='vertical')
plt.text(932.7, 2100, 'Cu 2p3/2', rotation='vertical')
plt.text(1096.7, 2100, 'Cu 2s', rotation='vertical')
# C
plt.text(284.2, 2100, 'C 1s', rotation='vertical')
# Fe
plt.text(706.8, 2100, 'Fe 2p3/2', rotation='vertical')
plt.text(719.9, 2100, 'Fe 2p1/2', rotation='vertical')
plt.text(844.6, 2100, 'Fe 2s', rotation='vertical')
# Sn
plt.text(884.7, 2100, 'Sn 3s', rotation='vertical')
plt.text(756.5, 2100, 'Sn 3p1/2', rotation='vertical')
plt.text(714.6, 2100, 'Sn 3p3/2', rotation='vertical')
plt.text(493.2, 2100, 'Sn 3d3/2', rotation='vertical')
plt.text(484.9, 2100, 'Sn 3d5/2', rotation='vertical')
# Zn
plt.text(1044.9, 2100, 'Zn 2p1/2', rotation='vertical')
plt.text(1021.8, 2100, 'Zn 2p3/2', rotation='vertical')
# Ag
plt.text(719.0, 2100, 'Ag 3s', rotation='vertical')
plt.text(603.8, 2100, 'Ag 3p1/2', rotation='vertical')
plt.text(573.0, 2100, 'Ag 3p3/2', rotation='vertical')
plt.text(374.0, 2100, 'Ag 3d3/2', rotation='vertical')
plt.text(368.0, 2100, 'Ag 3d5/2', rotation='vertical')
# Pb
plt.text(671.6, 2100, 'Pb 3s', rotation='vertical')
plt.text(559.9, 2100, 'Pb 3p1/2', rotation='vertical')
plt.text(532.3, 2100, 'Pb 3p3/2', rotation='vertical')
plt.text(340.5, 2100, 'Pb 3d3/2', rotation='vertical')
plt.text(335.2, 2100, 'Pb 3d5/2', rotation='vertical')
# Fe
plt.text(852.7, 2100, 'Ni 2p3/2', rotation='vertical')
plt.text(870.0, 2100, 'Ni 2p1/2', rotation='vertical')
plt.text(1008.6, 2100, 'Ni 2s', rotation='vertical')

plt.title('Spectrum of 10 DM coin')
plt.xlabel('Binding energy [eV]')
plt.ylabel('Counts')
plt.show()
#df.plot('Energy(meas)', 'Sum')
# plt.show()

positive_mask = np.where(df['BindingEnergy'].to_numpy()>=0)

be = df['BindingEnergy'].to_numpy()[positive_mask]
count = df['Scan1'].to_numpy()[positive_mask]

fig = plt.figure(figsize=(15,5))
plt.plot(be,count)

# Cu
plt.text(952.3, 2100, 'Cu 2p1/2', rotation='vertical')
plt.text(932.7, 2100, 'Cu 2p3/2', rotation='vertical')
plt.text(1096.7, 2100, 'Cu 2s', rotation='vertical')
# C
# plt.text(284.2, 2100, 'C 1s', rotation='vertical')
# Fe
# plt.text(706.8, 2100, 'Fe 2p3/2', rotation='vertical')
# plt.text(719.9, 2100, 'Fe 2p1/2', rotation='vertical')
# plt.text(844.6, 2100, 'Fe 2s', rotation='vertical')
# Sn
# plt.text(884.7, 2100, 'Sn 3s', rotation='vertical')
# plt.text(756.5, 2100, 'Sn 3p1/2', rotation='vertical')
# plt.text(714.6, 2100, 'Sn 3p3/2', rotation='vertical')
# plt.text(493.2, 2100, 'Sn 3d3/2', rotation='vertical')
# plt.text(484.9, 2100, 'Sn 3d5/2', rotation='vertical')
# Zn
# plt.text(1044.9, 2100, 'Zn 2p1/2', rotation='vertical')
# plt.text(1021.8, 2100, 'Zn 2p3/2', rotation='vertical')
# Ag
# plt.text(719.0, 2100, 'Ag 3s', rotation='vertical')
# plt.text(603.8, 2100, 'Ag 3p1/2', rotation='vertical')
# plt.text(573.0, 2100, 'Ag 3p3/2', rotation='vertical')
# plt.text(374.0, 2100, 'Ag 3d3/2', rotation='vertical')
# plt.text(368.0, 2100, 'Ag 3d5/2', rotation='vertical')
# Pb
# plt.text(671.6, 2100, 'Pb 3s', rotation='vertical')
# plt.text(559.9, 2100, 'Pb 3p1/2', rotation='vertical')
# plt.text(532.3, 2100, 'Pb 3p3/2', rotation='vertical')
# plt.text(340.5, 2100, 'Pb 3d3/2', rotation='vertical')
# plt.text(335.2, 2100, 'Pb 3d5/2', rotation='vertical')
# Fe
plt.text(852.7, 2100, 'Ni 2p3/2', rotation='vertical')
plt.text(870.0, 2100, 'Ni 2p1/2', rotation='vertical')
plt.text(1008.6, 2100, 'Ni 2s', rotation='vertical')

plt.title('Spectrum of 10 DM coin')
plt.xlabel('Binding energy [eV]')
plt.ylabel('Counts')
plt.show()
#df.plot('Energy(meas)', 'Sum')
# plt.show()

positive_mask = np.where(df['BindingEnergy'].to_numpy()>=0)

be = df['BindingEnergy'].to_numpy()[positive_mask]
count = df['Scan1'].to_numpy()[positive_mask]

fig = plt.figure(figsize=(15,5))
plt.plot(be,count)

# Cu
plt.text(952.3, 2100, 'Cu 2p1/2', rotation='vertical')
plt.text(932.7, 2100, 'Cu 2p3/2', rotation='vertical')
plt.text(1096.7, 2100, 'Cu 2s', rotation='vertical')
# C
plt.text(284.2, 2100, 'C 1s', rotation='vertical')
# Fe
# plt.text(706.8, 2100, 'Fe 2p3/2', rotation='vertical')
# plt.text(719.9, 2100, 'Fe 2p1/2', rotation='vertical')
# plt.text(844.6, 2100, 'Fe 2s', rotation='vertical')
# Sn
# plt.text(884.7, 2100, 'Sn 3s', rotation='vertical')
# plt.text(756.5, 2100, 'Sn 3p1/2', rotation='vertical')
# plt.text(714.6, 2100, 'Sn 3p3/2', rotation='vertical')
# plt.text(493.2, 2100, 'Sn 3d3/2', rotation='vertical')
# plt.text(484.9, 2100, 'Sn 3d5/2', rotation='vertical')
# Zn
# plt.text(1044.9, 2100, 'Zn 2p1/2', rotation='vertical')
# plt.text(1021.8, 2100, 'Zn 2p3/2', rotation='vertical')
# Ag
# plt.text(719.0, 2100, 'Ag 3s', rotation='vertical')
# plt.text(603.8, 2100, 'Ag 3p1/2', rotation='vertical')
# plt.text(573.0, 2100, 'Ag 3p3/2', rotation='vertical')
# plt.text(374.0, 2100, 'Ag 3d3/2', rotation='vertical')
# plt.text(368.0, 2100, 'Ag 3d5/2', rotation='vertical')
# Pb
# plt.text(671.6, 2100, 'Pb 3s', rotation='vertical')
# plt.text(559.9, 2100, 'Pb 3p1/2', rotation='vertical')
# plt.text(532.3, 2100, 'Pb 3p3/2', rotation='vertical')
# plt.text(340.5, 2100, 'Pb 3d3/2', rotation='vertical')
# plt.text(335.2, 2100, 'Pb 3d5/2', rotation='vertical')
# Fe
plt.text(852.7, 2100, 'Ni 2p3/2', rotation='vertical')
plt.text(870.0, 2100, 'Ni 2p1/2', rotation='vertical')
plt.text(1008.6, 2100, 'Ni 2s', rotation='vertical')

plt.title('Spectrum of 10 DM coin')
plt.xlabel('Binding energy [eV]')
plt.ylabel('Counts')
plt.show()
#df.plot('Energy(meas)', 'Sum')
# plt.show()

positive_mask = np.where(df['BindingEnergy'].to_numpy()>=0)

be = df['BindingEnergy'].to_numpy()[positive_mask]
count = df['Scan1'].to_numpy()[positive_mask]

fig = plt.figure(figsize=(15,5))
plt.plot(be-5,count)

# Cu
plt.text(952.3, 2100, 'Cu 2p1/2', rotation='vertical')
plt.text(932.7, 2100, 'Cu 2p3/2', rotation='vertical')
plt.text(1096.7, 2100, 'Cu 2s', rotation='vertical')
# C
plt.text(284.2, 2100, 'C 1s', rotation='vertical')
# Fe
# plt.text(706.8, 2100, 'Fe 2p3/2', rotation='vertical')
# plt.text(719.9, 2100, 'Fe 2p1/2', rotation='vertical')
# plt.text(844.6, 2100, 'Fe 2s', rotation='vertical')
# Sn
# plt.text(884.7, 2100, 'Sn 3s', rotation='vertical')
# plt.text(756.5, 2100, 'Sn 3p1/2', rotation='vertical')
# plt.text(714.6, 2100, 'Sn 3p3/2', rotation='vertical')
# plt.text(493.2, 2100, 'Sn 3d3/2', rotation='vertical')
# plt.text(484.9, 2100, 'Sn 3d5/2', rotation='vertical')
# Zn
# plt.text(1044.9, 2100, 'Zn 2p1/2', rotation='vertical')
# plt.text(1021.8, 2100, 'Zn 2p3/2', rotation='vertical')
# Ag
# plt.text(719.0, 2100, 'Ag 3s', rotation='vertical')
# plt.text(603.8, 2100, 'Ag 3p1/2', rotation='vertical')
# plt.text(573.0, 2100, 'Ag 3p3/2', rotation='vertical')
# plt.text(374.0, 2100, 'Ag 3d3/2', rotation='vertical')
# plt.text(368.0, 2100, 'Ag 3d5/2', rotation='vertical')
# Pb
# plt.text(671.6, 2100, 'Pb 3s', rotation='vertical')
# plt.text(559.9, 2100, 'Pb 3p1/2', rotation='vertical')
# plt.text(532.3, 2100, 'Pb 3p3/2', rotation='vertical')
# plt.text(340.5, 2100, 'Pb 3d3/2', rotation='vertical')
# plt.text(335.2, 2100, 'Pb 3d5/2', rotation='vertical')
# Fe
plt.text(852.7, 2100, 'Ni 2p3/2', rotation='vertical')
plt.text(870.0, 2100, 'Ni 2p1/2', rotation='vertical')
plt.text(1008.6, 2100, 'Ni 2s', rotation='vertical')

plt.title('Spectrum of 10 DM coin')
plt.xlabel('Binding energy [eV]')
plt.ylabel('Counts')
plt.show()
#df.plot('Energy(meas)', 'Sum')
# plt.show()

positive_mask = np.where(df['BindingEnergy'].to_numpy()>=0)

be = df['BindingEnergy'].to_numpy()[positive_mask]
count = df['Scan1'].to_numpy()[positive_mask]

fig = plt.figure(figsize=(15,5))
plt.plot(be+5,count)

# Cu
plt.text(952.3, 2100, 'Cu 2p1/2', rotation='vertical')
plt.text(932.7, 2100, 'Cu 2p3/2', rotation='vertical')
plt.text(1096.7, 2100, 'Cu 2s', rotation='vertical')
# C
plt.text(284.2, 2100, 'C 1s', rotation='vertical')
# Fe
# plt.text(706.8, 2100, 'Fe 2p3/2', rotation='vertical')
# plt.text(719.9, 2100, 'Fe 2p1/2', rotation='vertical')
# plt.text(844.6, 2100, 'Fe 2s', rotation='vertical')
# Sn
# plt.text(884.7, 2100, 'Sn 3s', rotation='vertical')
# plt.text(756.5, 2100, 'Sn 3p1/2', rotation='vertical')
# plt.text(714.6, 2100, 'Sn 3p3/2', rotation='vertical')
# plt.text(493.2, 2100, 'Sn 3d3/2', rotation='vertical')
# plt.text(484.9, 2100, 'Sn 3d5/2', rotation='vertical')
# Zn
# plt.text(1044.9, 2100, 'Zn 2p1/2', rotation='vertical')
# plt.text(1021.8, 2100, 'Zn 2p3/2', rotation='vertical')
# Ag
# plt.text(719.0, 2100, 'Ag 3s', rotation='vertical')
# plt.text(603.8, 2100, 'Ag 3p1/2', rotation='vertical')
# plt.text(573.0, 2100, 'Ag 3p3/2', rotation='vertical')
# plt.text(374.0, 2100, 'Ag 3d3/2', rotation='vertical')
# plt.text(368.0, 2100, 'Ag 3d5/2', rotation='vertical')
# Pb
# plt.text(671.6, 2100, 'Pb 3s', rotation='vertical')
# plt.text(559.9, 2100, 'Pb 3p1/2', rotation='vertical')
# plt.text(532.3, 2100, 'Pb 3p3/2', rotation='vertical')
# plt.text(340.5, 2100, 'Pb 3d3/2', rotation='vertical')
# plt.text(335.2, 2100, 'Pb 3d5/2', rotation='vertical')
# Fe
plt.text(852.7, 2100, 'Ni 2p3/2', rotation='vertical')
plt.text(870.0, 2100, 'Ni 2p1/2', rotation='vertical')
plt.text(1008.6, 2100, 'Ni 2s', rotation='vertical')

plt.title('Spectrum of 10 DM coin')
plt.xlabel('Binding energy [eV]')
plt.ylabel('Counts')
plt.show()
#df.plot('Energy(meas)', 'Sum')
# plt.show()

positive_mask = np.where(df['BindingEnergy'].to_numpy()>=0)

be = df['BindingEnergy'].to_numpy()[positive_mask]
count = df['Scan1'].to_numpy()[positive_mask]

fig = plt.figure(figsize=(15,5))
plt.plot(be+7,count)

# Cu
plt.text(952.3, 2100, 'Cu 2p1/2', rotation='vertical')
plt.text(932.7, 2100, 'Cu 2p3/2', rotation='vertical')
plt.text(1096.7, 2100, 'Cu 2s', rotation='vertical')
# C
plt.text(284.2, 2100, 'C 1s', rotation='vertical')
# Fe
# plt.text(706.8, 2100, 'Fe 2p3/2', rotation='vertical')
# plt.text(719.9, 2100, 'Fe 2p1/2', rotation='vertical')
# plt.text(844.6, 2100, 'Fe 2s', rotation='vertical')
# Sn
# plt.text(884.7, 2100, 'Sn 3s', rotation='vertical')
# plt.text(756.5, 2100, 'Sn 3p1/2', rotation='vertical')
# plt.text(714.6, 2100, 'Sn 3p3/2', rotation='vertical')
# plt.text(493.2, 2100, 'Sn 3d3/2', rotation='vertical')
# plt.text(484.9, 2100, 'Sn 3d5/2', rotation='vertical')
# Zn
# plt.text(1044.9, 2100, 'Zn 2p1/2', rotation='vertical')
# plt.text(1021.8, 2100, 'Zn 2p3/2', rotation='vertical')
# Ag
# plt.text(719.0, 2100, 'Ag 3s', rotation='vertical')
# plt.text(603.8, 2100, 'Ag 3p1/2', rotation='vertical')
# plt.text(573.0, 2100, 'Ag 3p3/2', rotation='vertical')
# plt.text(374.0, 2100, 'Ag 3d3/2', rotation='vertical')
# plt.text(368.0, 2100, 'Ag 3d5/2', rotation='vertical')
# Pb
# plt.text(671.6, 2100, 'Pb 3s', rotation='vertical')
# plt.text(559.9, 2100, 'Pb 3p1/2', rotation='vertical')
# plt.text(532.3, 2100, 'Pb 3p3/2', rotation='vertical')
# plt.text(340.5, 2100, 'Pb 3d3/2', rotation='vertical')
# plt.text(335.2, 2100, 'Pb 3d5/2', rotation='vertical')
# Fe
plt.text(852.7, 2100, 'Ni 2p3/2', rotation='vertical')
plt.text(870.0, 2100, 'Ni 2p1/2', rotation='vertical')
plt.text(1008.6, 2100, 'Ni 2s', rotation='vertical')

plt.title('Spectrum of 10 DM coin')
plt.xlabel('Binding energy [eV]')
plt.ylabel('Counts')
plt.show()
#df.plot('Energy(meas)', 'Sum')
# plt.show()

positive_mask = np.where(df['BindingEnergy'].to_numpy()>=0)

be = df['BindingEnergy'].to_numpy()[positive_mask]
count = df['Scan1'].to_numpy()[positive_mask]

fig = plt.figure(figsize=(15,5))
plt.plot(be+7,count)

# Cu
plt.text(952.3, 2100, 'Cu 2p1/2', rotation='vertical')
plt.text(932.7, 2100, 'Cu 2p3/2', rotation='vertical')
plt.text(1096.7, 2100, 'Cu 2s', rotation='vertical')
# C
plt.text(284.2, 2100, 'C 1s', rotation='vertical')
# Fe
# plt.text(706.8, 2100, 'Fe 2p3/2', rotation='vertical')
# plt.text(719.9, 2100, 'Fe 2p1/2', rotation='vertical')
# plt.text(844.6, 2100, 'Fe 2s', rotation='vertical')
# Sn
# plt.text(884.7, 2100, 'Sn 3s', rotation='vertical')
# plt.text(756.5, 2100, 'Sn 3p1/2', rotation='vertical')
# plt.text(714.6, 2100, 'Sn 3p3/2', rotation='vertical')
# plt.text(493.2, 2100, 'Sn 3d3/2', rotation='vertical')
# plt.text(484.9, 2100, 'Sn 3d5/2', rotation='vertical')
# Zn
plt.text(1044.9, 2100, 'Zn 2p1/2', rotation='vertical')
plt.text(1021.8, 2100, 'Zn 2p3/2', rotation='vertical')
# Ag
# plt.text(719.0, 2100, 'Ag 3s', rotation='vertical')
# plt.text(603.8, 2100, 'Ag 3p1/2', rotation='vertical')
# plt.text(573.0, 2100, 'Ag 3p3/2', rotation='vertical')
# plt.text(374.0, 2100, 'Ag 3d3/2', rotation='vertical')
# plt.text(368.0, 2100, 'Ag 3d5/2', rotation='vertical')
# Pb
# plt.text(671.6, 2100, 'Pb 3s', rotation='vertical')
# plt.text(559.9, 2100, 'Pb 3p1/2', rotation='vertical')
# plt.text(532.3, 2100, 'Pb 3p3/2', rotation='vertical')
# plt.text(340.5, 2100, 'Pb 3d3/2', rotation='vertical')
# plt.text(335.2, 2100, 'Pb 3d5/2', rotation='vertical')
# Ni
# plt.text(852.7, 2100, 'Ni 2p3/2', rotation='vertical')
# plt.text(870.0, 2100, 'Ni 2p1/2', rotation='vertical')
# plt.text(1008.6, 2100, 'Ni 2s', rotation='vertical')

plt.title('Spectrum of 10 DM coin')
plt.xlabel('Binding energy [eV]')
plt.ylabel('Counts')
plt.show()
#df.plot('Energy(meas)', 'Sum')
# plt.show()

positive_mask = np.where(df['BindingEnergy'].to_numpy()>=0)

be = df['BindingEnergy'].to_numpy()[positive_mask]
count = df['Scan1'].to_numpy()[positive_mask]

fig = plt.figure(figsize=(15,5))
plt.plot(be+7,count)

# Cu
plt.text(952.3, 2100, 'Cu 2p1/2', rotation='vertical')
plt.text(932.7, 2100, 'Cu 2p3/2', rotation='vertical')
plt.text(1096.7, 2100, 'Cu 2s', rotation='vertical')
# C
plt.text(284.2, 2100, 'C 1s', rotation='vertical')
# Fe
# plt.text(706.8, 2100, 'Fe 2p3/2', rotation='vertical')
# plt.text(719.9, 2100, 'Fe 2p1/2', rotation='vertical')
# plt.text(844.6, 2100, 'Fe 2s', rotation='vertical')
# Sn
plt.text(884.7, 2100, 'Sn 3s', rotation='vertical')
plt.text(756.5, 2100, 'Sn 3p1/2', rotation='vertical')
plt.text(714.6, 2100, 'Sn 3p3/2', rotation='vertical')
plt.text(493.2, 2100, 'Sn 3d3/2', rotation='vertical')
plt.text(484.9, 2100, 'Sn 3d5/2', rotation='vertical')
# Zn
plt.text(1044.9, 2100, 'Zn 2p1/2', rotation='vertical')
plt.text(1021.8, 2100, 'Zn 2p3/2', rotation='vertical')
# Ag
# plt.text(719.0, 2100, 'Ag 3s', rotation='vertical')
# plt.text(603.8, 2100, 'Ag 3p1/2', rotation='vertical')
# plt.text(573.0, 2100, 'Ag 3p3/2', rotation='vertical')
# plt.text(374.0, 2100, 'Ag 3d3/2', rotation='vertical')
# plt.text(368.0, 2100, 'Ag 3d5/2', rotation='vertical')
# Pb
# plt.text(671.6, 2100, 'Pb 3s', rotation='vertical')
# plt.text(559.9, 2100, 'Pb 3p1/2', rotation='vertical')
# plt.text(532.3, 2100, 'Pb 3p3/2', rotation='vertical')
# plt.text(340.5, 2100, 'Pb 3d3/2', rotation='vertical')
# plt.text(335.2, 2100, 'Pb 3d5/2', rotation='vertical')
# Ni
# plt.text(852.7, 2100, 'Ni 2p3/2', rotation='vertical')
# plt.text(870.0, 2100, 'Ni 2p1/2', rotation='vertical')
# plt.text(1008.6, 2100, 'Ni 2s', rotation='vertical')

plt.title('Spectrum of 10 DM coin')
plt.xlabel('Binding energy [eV]')
plt.ylabel('Counts')
plt.show()
#df.plot('Energy(meas)', 'Sum')
# plt.show()

positive_mask = np.where(df['BindingEnergy'].to_numpy()>=0)

be = df['BindingEnergy'].to_numpy()[positive_mask]
count = df['Scan1'].to_numpy()[positive_mask]

fig = plt.figure(figsize=(15,5))
plt.plot(be+7,count)

# Cu
plt.text(952.3, 2100, 'Cu 2p1/2', rotation='vertical')
plt.text(932.7, 2100, 'Cu 2p3/2', rotation='vertical')
plt.text(1096.7, 2100, 'Cu 2s', rotation='vertical')
# C
plt.text(284.2, 2100, 'C 1s', rotation='vertical')
# Fe
plt.text(706.8, 2100, 'Fe 2p3/2', rotation='vertical')
plt.text(719.9, 2100, 'Fe 2p1/2', rotation='vertical')
plt.text(844.6, 2100, 'Fe 2s', rotation='vertical')
# # Sn
# plt.text(884.7, 2100, 'Sn 3s', rotation='vertical')
# plt.text(756.5, 2100, 'Sn 3p1/2', rotation='vertical')
# plt.text(714.6, 2100, 'Sn 3p3/2', rotation='vertical')
# plt.text(493.2, 2100, 'Sn 3d3/2', rotation='vertical')
# plt.text(484.9, 2100, 'Sn 3d5/2', rotation='vertical')
# Zn
plt.text(1044.9, 2100, 'Zn 2p1/2', rotation='vertical')
plt.text(1021.8, 2100, 'Zn 2p3/2', rotation='vertical')
# Ag
# plt.text(719.0, 2100, 'Ag 3s', rotation='vertical')
# plt.text(603.8, 2100, 'Ag 3p1/2', rotation='vertical')
# plt.text(573.0, 2100, 'Ag 3p3/2', rotation='vertical')
# plt.text(374.0, 2100, 'Ag 3d3/2', rotation='vertical')
# plt.text(368.0, 2100, 'Ag 3d5/2', rotation='vertical')
# Pb
# plt.text(671.6, 2100, 'Pb 3s', rotation='vertical')
# plt.text(559.9, 2100, 'Pb 3p1/2', rotation='vertical')
# plt.text(532.3, 2100, 'Pb 3p3/2', rotation='vertical')
# plt.text(340.5, 2100, 'Pb 3d3/2', rotation='vertical')
# plt.text(335.2, 2100, 'Pb 3d5/2', rotation='vertical')
# Ni
# plt.text(852.7, 2100, 'Ni 2p3/2', rotation='vertical')
# plt.text(870.0, 2100, 'Ni 2p1/2', rotation='vertical')
# plt.text(1008.6, 2100, 'Ni 2s', rotation='vertical')

plt.title('Spectrum of 10 DM coin')
plt.xlabel('Binding energy [eV]')
plt.ylabel('Counts')
plt.show()
#df.plot('Energy(meas)', 'Sum')
# plt.show()

positive_mask = np.where(df['BindingEnergy'].to_numpy()>=0)

be = df['BindingEnergy'].to_numpy()[positive_mask]
count = df['Scan1'].to_numpy()[positive_mask]

fig = plt.figure(figsize=(15,5))
plt.plot(be+7,count)

# Cu
plt.text(952.3, 2100, 'Cu 2p1/2', rotation='vertical')
plt.text(932.7, 2100, 'Cu 2p3/2', rotation='vertical')
plt.text(1096.7, 2100, 'Cu 2s', rotation='vertical')
# C
plt.text(284.2, 2100, 'C 1s', rotation='vertical')
# Fe
# plt.text(706.8, 2100, 'Fe 2p3/2', rotation='vertical')
# plt.text(719.9, 2100, 'Fe 2p1/2', rotation='vertical')
# plt.text(844.6, 2100, 'Fe 2s', rotation='vertical')
# # Sn
plt.text(884.7, 2100, 'Sn 3s', rotation='vertical')
plt.text(756.5, 2100, 'Sn 3p1/2', rotation='vertical')
plt.text(714.6, 2100, 'Sn 3p3/2', rotation='vertical')
plt.text(493.2, 2100, 'Sn 3d3/2', rotation='vertical')
plt.text(484.9, 2100, 'Sn 3d5/2', rotation='vertical')
# Zn
plt.text(1044.9, 2100, 'Zn 2p1/2', rotation='vertical')
plt.text(1021.8, 2100, 'Zn 2p3/2', rotation='vertical')
# Ag
# plt.text(719.0, 2100, 'Ag 3s', rotation='vertical')
# plt.text(603.8, 2100, 'Ag 3p1/2', rotation='vertical')
# plt.text(573.0, 2100, 'Ag 3p3/2', rotation='vertical')
# plt.text(374.0, 2100, 'Ag 3d3/2', rotation='vertical')
# plt.text(368.0, 2100, 'Ag 3d5/2', rotation='vertical')
# Pb
# plt.text(671.6, 2100, 'Pb 3s', rotation='vertical')
# plt.text(559.9, 2100, 'Pb 3p1/2', rotation='vertical')
# plt.text(532.3, 2100, 'Pb 3p3/2', rotation='vertical')
# plt.text(340.5, 2100, 'Pb 3d3/2', rotation='vertical')
# plt.text(335.2, 2100, 'Pb 3d5/2', rotation='vertical')
# Ni
# plt.text(852.7, 2100, 'Ni 2p3/2', rotation='vertical')
# plt.text(870.0, 2100, 'Ni 2p1/2', rotation='vertical')
# plt.text(1008.6, 2100, 'Ni 2s', rotation='vertical')

plt.title('Spectrum of 10 DM coin')
plt.xlabel('Binding energy [eV]')
plt.ylabel('Counts')
plt.show()
#df.plot('Energy(meas)', 'Sum')
# plt.show()

positive_mask = np.where(df['BindingEnergy'].to_numpy()>=0)

be = df['BindingEnergy'].to_numpy()[positive_mask]
count = df['Scan1'].to_numpy()[positive_mask]

fig = plt.figure(figsize=(15,5))
plt.plot(be+7,count)

# Cu
plt.text(952.3, 2100, 'Cu 2p1/2', rotation='vertical')
plt.text(932.7, 2100, 'Cu 2p3/2', rotation='vertical')
plt.text(1096.7, 2100, 'Cu 2s', rotation='vertical')
# C
plt.text(284.2, 2100, 'C 1s', rotation='vertical')
# Fe
# plt.text(706.8, 2100, 'Fe 2p3/2', rotation='vertical')
# plt.text(719.9, 2100, 'Fe 2p1/2', rotation='vertical')
# plt.text(844.6, 2100, 'Fe 2s', rotation='vertical')
# # Sn
# plt.text(884.7, 2100, 'Sn 3s', rotation='vertical')
# plt.text(756.5, 2100, 'Sn 3p1/2', rotation='vertical')
# plt.text(714.6, 2100, 'Sn 3p3/2', rotation='vertical')
# plt.text(493.2, 2100, 'Sn 3d3/2', rotation='vertical')
# plt.text(484.9, 2100, 'Sn 3d5/2', rotation='vertical')
# Zn
# plt.text(1044.9, 2100, 'Zn 2p1/2', rotation='vertical')
# plt.text(1021.8, 2100, 'Zn 2p3/2', rotation='vertical')
# Ag
plt.text(719.0, 2100, 'Ag 3s', rotation='vertical')
plt.text(603.8, 2100, 'Ag 3p1/2', rotation='vertical')
plt.text(573.0, 2100, 'Ag 3p3/2', rotation='vertical')
plt.text(374.0, 2100, 'Ag 3d3/2', rotation='vertical')
plt.text(368.0, 2100, 'Ag 3d5/2', rotation='vertical')
# Pb
# plt.text(671.6, 2100, 'Pb 3s', rotation='vertical')
# plt.text(559.9, 2100, 'Pb 3p1/2', rotation='vertical')
# plt.text(532.3, 2100, 'Pb 3p3/2', rotation='vertical')
# plt.text(340.5, 2100, 'Pb 3d3/2', rotation='vertical')
# plt.text(335.2, 2100, 'Pb 3d5/2', rotation='vertical')
# Ni
# plt.text(852.7, 2100, 'Ni 2p3/2', rotation='vertical')
# plt.text(870.0, 2100, 'Ni 2p1/2', rotation='vertical')
# plt.text(1008.6, 2100, 'Ni 2s', rotation='vertical')

plt.title('Spectrum of 10 DM coin')
plt.xlabel('Binding energy [eV]')
plt.ylabel('Counts')
plt.show()
#df.plot('Energy(meas)', 'Sum')
# plt.show()

positive_mask = np.where(df['BindingEnergy'].to_numpy()>=0)

be = df['BindingEnergy'].to_numpy()[positive_mask]
count = df['Scan1'].to_numpy()[positive_mask]

fig = plt.figure(figsize=(15,5))
plt.plot(be+7,count)

# Cu
plt.text(952.3, 2100, 'Cu 2p1/2', rotation='vertical')
plt.text(932.7, 2100, 'Cu 2p3/2', rotation='vertical')
plt.text(1096.7, 2100, 'Cu 2s', rotation='vertical')
# C
plt.text(284.2, 2100, 'C 1s', rotation='vertical')
# Fe
# plt.text(706.8, 2100, 'Fe 2p3/2', rotation='vertical')
# plt.text(719.9, 2100, 'Fe 2p1/2', rotation='vertical')
# plt.text(844.6, 2100, 'Fe 2s', rotation='vertical')
# # Sn
# plt.text(884.7, 2100, 'Sn 3s', rotation='vertical')
# plt.text(756.5, 2100, 'Sn 3p1/2', rotation='vertical')
# plt.text(714.6, 2100, 'Sn 3p3/2', rotation='vertical')
# plt.text(493.2, 2100, 'Sn 3d3/2', rotation='vertical')
# plt.text(484.9, 2100, 'Sn 3d5/2', rotation='vertical')
# Zn
# plt.text(1044.9, 2100, 'Zn 2p1/2', rotation='vertical')
# plt.text(1021.8, 2100, 'Zn 2p3/2', rotation='vertical')
# Ag
# plt.text(719.0, 2100, 'Ag 3s', rotation='vertical')
# plt.text(603.8, 2100, 'Ag 3p1/2', rotation='vertical')
# plt.text(573.0, 2100, 'Ag 3p3/2', rotation='vertical')
# plt.text(374.0, 2100, 'Ag 3d3/2', rotation='vertical')
# plt.text(368.0, 2100, 'Ag 3d5/2', rotation='vertical')
# Pb
plt.text(671.6, 2100, 'Pb 3s', rotation='vertical')
plt.text(559.9, 2100, 'Pb 3p1/2', rotation='vertical')
plt.text(532.3, 2100, 'Pb 3p3/2', rotation='vertical')
plt.text(340.5, 2100, 'Pb 3d3/2', rotation='vertical')
plt.text(335.2, 2100, 'Pb 3d5/2', rotation='vertical')
# Ni
# plt.text(852.7, 2100, 'Ni 2p3/2', rotation='vertical')
# plt.text(870.0, 2100, 'Ni 2p1/2', rotation='vertical')
# plt.text(1008.6, 2100, 'Ni 2s', rotation='vertical')

plt.title('Spectrum of 10 DM coin')
plt.xlabel('Binding energy [eV]')
plt.ylabel('Counts')
plt.show()
#df.plot('Energy(meas)', 'Sum')
# plt.show()

positive_mask = np.where(df['BindingEnergy'].to_numpy()>=0)

be = df['BindingEnergy'].to_numpy()[positive_mask]
count = df['Scan1'].to_numpy()[positive_mask]

fig = plt.figure(figsize=(15,5))
plt.plot(be,count)

# Cu
plt.text(952.3, 2100, 'Cu 2p1/2', rotation='vertical')
plt.text(932.7, 2100, 'Cu 2p3/2', rotation='vertical')
plt.text(1096.7, 2100, 'Cu 2s', rotation='vertical')
# C
plt.text(284.2, 2100, 'C 1s', rotation='vertical')
# Fe
# plt.text(706.8, 2100, 'Fe 2p3/2', rotation='vertical')
# plt.text(719.9, 2100, 'Fe 2p1/2', rotation='vertical')
# plt.text(844.6, 2100, 'Fe 2s', rotation='vertical')
# # Sn
# plt.text(884.7, 2100, 'Sn 3s', rotation='vertical')
# plt.text(756.5, 2100, 'Sn 3p1/2', rotation='vertical')
# plt.text(714.6, 2100, 'Sn 3p3/2', rotation='vertical')
# plt.text(493.2, 2100, 'Sn 3d3/2', rotation='vertical')
# plt.text(484.9, 2100, 'Sn 3d5/2', rotation='vertical')
# Zn
# plt.text(1044.9, 2100, 'Zn 2p1/2', rotation='vertical')
# plt.text(1021.8, 2100, 'Zn 2p3/2', rotation='vertical')
# Ag
# plt.text(719.0, 2100, 'Ag 3s', rotation='vertical')
# plt.text(603.8, 2100, 'Ag 3p1/2', rotation='vertical')
# plt.text(573.0, 2100, 'Ag 3p3/2', rotation='vertical')
# plt.text(374.0, 2100, 'Ag 3d3/2', rotation='vertical')
# plt.text(368.0, 2100, 'Ag 3d5/2', rotation='vertical')
# Pb
plt.text(671.6, 2100, 'Pb 3s', rotation='vertical')
plt.text(559.9, 2100, 'Pb 3p1/2', rotation='vertical')
plt.text(532.3, 2100, 'Pb 3p3/2', rotation='vertical')
plt.text(340.5, 2100, 'Pb 3d3/2', rotation='vertical')
plt.text(335.2, 2100, 'Pb 3d5/2', rotation='vertical')
# Ni
# plt.text(852.7, 2100, 'Ni 2p3/2', rotation='vertical')
# plt.text(870.0, 2100, 'Ni 2p1/2', rotation='vertical')
# plt.text(1008.6, 2100, 'Ni 2s', rotation='vertical')

plt.title('Spectrum of 10 DM coin')
plt.xlabel('Binding energy [eV]')
plt.ylabel('Counts')
plt.show()
from arpes.fits.fit_models import GaussianModel, AffineBackgroundModel, LorentzianModel, VoigtModel
from arpes.analysis.shirley import remove_shirley_background, calculate_shirley_background_full_range
from arpes.fits.utilities import result_to_hints
#test_curve = data.spectrum.where(ws2_mask & ~wide_peak_mask).mean(["x", "y"]).sel(eV=slice(-36, -31))

# Selection
selection = df['BindingEnergy'].between(320, 360, inclusive=False).to_numpy()

test_curve = data.sel(eV=selection)
test_curve = test_curve - calculate_shirley_background_full_range(test_curve, max_iters=100)

test_model =  GaussianModel(prefix="a_") #+ GaussianModel(prefix="b_")

result = test_model.guess_fit(
    test_curve - test_curve.min(),
    # params={
    #     "a_center": {"value": 653, "max":655, "min":651 },
    #     "a_amplitude": {"min": 0},
    #     "b_center": {"value": 683, "max":687, "min":680},
    #     "b_amplitude": {"min": 0},
    # }
)
result.plot()
result
from arpes.fits.fit_models import GaussianModel, AffineBackgroundModel, LorentzianModel, VoigtModel
from arpes.analysis.shirley import remove_shirley_background, calculate_shirley_background_full_range
from arpes.fits.utilities import result_to_hints
#test_curve = data.spectrum.where(ws2_mask & ~wide_peak_mask).mean(["x", "y"]).sel(eV=slice(-36, -31))

# Selection
selection = df['BindingEnergy'].between(315, 355, inclusive=False).to_numpy()

test_curve = data.sel(eV=selection)
test_curve = test_curve - calculate_shirley_background_full_range(test_curve, max_iters=100)

test_model =  GaussianModel(prefix="a_") #+ GaussianModel(prefix="b_")

result = test_model.guess_fit(
    test_curve - test_curve.min(),
    # params={
    #     "a_center": {"value": 653, "max":655, "min":651 },
    #     "a_amplitude": {"min": 0},
    #     "b_center": {"value": 683, "max":687, "min":680},
    #     "b_amplitude": {"min": 0},
    # }
)
result.plot()
result
from arpes.fits.fit_models import GaussianModel, AffineBackgroundModel, LorentzianModel, VoigtModel
from arpes.analysis.shirley import remove_shirley_background, calculate_shirley_background_full_range
from arpes.fits.utilities import result_to_hints
#test_curve = data.spectrum.where(ws2_mask & ~wide_peak_mask).mean(["x", "y"]).sel(eV=slice(-36, -31))

# Selection
selection = df['BindingEnergy'].between(315, 340, inclusive=False).to_numpy()

test_curve = data.sel(eV=selection)
test_curve = test_curve - calculate_shirley_background_full_range(test_curve, max_iters=100)

test_model =  GaussianModel(prefix="a_") #+ GaussianModel(prefix="b_")

result = test_model.guess_fit(
    test_curve - test_curve.min(),
    # params={
    #     "a_center": {"value": 653, "max":655, "min":651 },
    #     "a_amplitude": {"min": 0},
    #     "b_center": {"value": 683, "max":687, "min":680},
    #     "b_amplitude": {"min": 0},
    # }
)
result.plot()
result
from arpes.fits.fit_models import GaussianModel, AffineBackgroundModel, LorentzianModel, VoigtModel
from arpes.analysis.shirley import remove_shirley_background, calculate_shirley_background_full_range
from arpes.fits.utilities import result_to_hints
#test_curve = data.spectrum.where(ws2_mask & ~wide_peak_mask).mean(["x", "y"]).sel(eV=slice(-36, -31))

# Selection
selection = df['BindingEnergy'].between(500, 540, inclusive=False).to_numpy()

test_curve = data.sel(eV=selection)
test_curve = test_curve - calculate_shirley_background_full_range(test_curve, max_iters=100)

test_model =  GaussianModel(prefix="a_") #+ GaussianModel(prefix="b_")

result = test_model.guess_fit(
    test_curve - test_curve.min(),
    # params={
    #     "a_center": {"value": 653, "max":655, "min":651 },
    #     "a_amplitude": {"min": 0},
    #     "b_center": {"value": 683, "max":687, "min":680},
    #     "b_amplitude": {"min": 0},
    # }
)
result.plot()
result
from arpes.fits.fit_models import GaussianModel, AffineBackgroundModel, LorentzianModel, VoigtModel
from arpes.analysis.shirley import remove_shirley_background, calculate_shirley_background_full_range
from arpes.fits.utilities import result_to_hints
#test_curve = data.spectrum.where(ws2_mask & ~wide_peak_mask).mean(["x", "y"]).sel(eV=slice(-36, -31))

# Selection
selection = df['BindingEnergy'].between(520, 570, inclusive=False).to_numpy()

test_curve = data.sel(eV=selection)
test_curve = test_curve - calculate_shirley_background_full_range(test_curve, max_iters=100)

test_model =  GaussianModel(prefix="a_") #+ GaussianModel(prefix="b_")

result = test_model.guess_fit(
    test_curve - test_curve.min(),
    # params={
    #     "a_center": {"value": 653, "max":655, "min":651 },
    #     "a_amplitude": {"min": 0},
    #     "b_center": {"value": 683, "max":687, "min":680},
    #     "b_amplitude": {"min": 0},
    # }
)
result.plot()
result
from arpes.fits.fit_models import GaussianModel, AffineBackgroundModel, LorentzianModel, VoigtModel
from arpes.analysis.shirley import remove_shirley_background, calculate_shirley_background_full_range
from arpes.fits.utilities import result_to_hints
#test_curve = data.spectrum.where(ws2_mask & ~wide_peak_mask).mean(["x", "y"]).sel(eV=slice(-36, -31))

# Selection
selection = df['BindingEnergy'].between(520, 580, inclusive=False).to_numpy()

test_curve = data.sel(eV=selection)
test_curve = test_curve - calculate_shirley_background_full_range(test_curve, max_iters=100)

test_model =  GaussianModel(prefix="a_") #+ GaussianModel(prefix="b_")

result = test_model.guess_fit(
    test_curve - test_curve.min(),
    # params={
    #     "a_center": {"value": 653, "max":655, "min":651 },
    #     "a_amplitude": {"min": 0},
    #     "b_center": {"value": 683, "max":687, "min":680},
    #     "b_amplitude": {"min": 0},
    # }
)
result.plot()
result
#df.plot('Energy(meas)', 'Sum')
# plt.show()

positive_mask = np.where(df['BindingEnergy'].to_numpy()>=0)

be = df['BindingEnergy'].to_numpy()[positive_mask]
count = df['Scan1'].to_numpy()[positive_mask]

fig = plt.figure(figsize=(15,5))
plt.plot(be,count)

# Cu
plt.text(952.3, 2100, 'Cu 2p1/2', rotation='vertical')
plt.text(932.7, 2100, 'Cu 2p3/2', rotation='vertical')
plt.text(1096.7, 2100, 'Cu 2s', rotation='vertical')
# C
plt.text(284.2, 2100, 'C 1s', rotation='vertical')
# Fe
# plt.text(706.8, 2100, 'Fe 2p3/2', rotation='vertical')
# plt.text(719.9, 2100, 'Fe 2p1/2', rotation='vertical')
# plt.text(844.6, 2100, 'Fe 2s', rotation='vertical')
# # Sn
# plt.text(884.7, 2100, 'Sn 3s', rotation='vertical')
# plt.text(756.5, 2100, 'Sn 3p1/2', rotation='vertical')
# plt.text(714.6, 2100, 'Sn 3p3/2', rotation='vertical')
# plt.text(493.2, 2100, 'Sn 3d3/2', rotation='vertical')
# plt.text(484.9, 2100, 'Sn 3d5/2', rotation='vertical')
# Zn
# plt.text(1044.9, 2100, 'Zn 2p1/2', rotation='vertical')
# plt.text(1021.8, 2100, 'Zn 2p3/2', rotation='vertical')
# Ag
# plt.text(719.0, 2100, 'Ag 3s', rotation='vertical')
# plt.text(603.8, 2100, 'Ag 3p1/2', rotation='vertical')
# plt.text(573.0, 2100, 'Ag 3p3/2', rotation='vertical')
# plt.text(374.0, 2100, 'Ag 3d3/2', rotation='vertical')
# plt.text(368.0, 2100, 'Ag 3d5/2', rotation='vertical')
# Pb
# plt.text(671.6, 2100, 'Pb 3s', rotation='vertical')
# plt.text(559.9, 2100, 'Pb 3p1/2', rotation='vertical')
# plt.text(532.3, 2100, 'Pb 3p3/2', rotation='vertical')
# plt.text(340.5, 2100, 'Pb 3d3/2', rotation='vertical')
# plt.text(335.2, 2100, 'Pb 3d5/2', rotation='vertical')
# Ni
# plt.text(852.7, 2100, 'Ni 2p3/2', rotation='vertical')
# plt.text(870.0, 2100, 'Ni 2p1/2', rotation='vertical')
# plt.text(1008.6, 2100, 'Ni 2s', rotation='vertical')
# O
plt.text(543.1, 2700, 'O 1s', rotation='vertical')

plt.title('Spectrum of 10 DM coin')
plt.xlabel('Binding energy [eV]')
plt.ylabel('Counts')
plt.show()
#df.plot('Energy(meas)', 'Sum')
# plt.show()

positive_mask = np.where(df['BindingEnergy'].to_numpy()>=0)

be = df['BindingEnergy'].to_numpy()[positive_mask]
count = df['Scan1'].to_numpy()[positive_mask]

fig = plt.figure(figsize=(15,5))
plt.plot(be,count)

# Cu
plt.text(952.3, 2100, 'Cu 2p1/2', rotation='vertical')
plt.text(932.7, 2100, 'Cu 2p3/2', rotation='vertical')
plt.text(1096.7, 2100, 'Cu 2s', rotation='vertical')
# C
plt.text(284.2, 2100, 'C 1s', rotation='vertical')
# Fe
# plt.text(706.8, 2100, 'Fe 2p3/2', rotation='vertical')
# plt.text(719.9, 2100, 'Fe 2p1/2', rotation='vertical')
# plt.text(844.6, 2100, 'Fe 2s', rotation='vertical')
# # Sn
# plt.text(884.7, 2100, 'Sn 3s', rotation='vertical')
# plt.text(756.5, 2100, 'Sn 3p1/2', rotation='vertical')
# plt.text(714.6, 2100, 'Sn 3p3/2', rotation='vertical')
# plt.text(493.2, 2100, 'Sn 3d3/2', rotation='vertical')
# plt.text(484.9, 2100, 'Sn 3d5/2', rotation='vertical')
# Zn
# plt.text(1044.9, 2100, 'Zn 2p1/2', rotation='vertical')
# plt.text(1021.8, 2100, 'Zn 2p3/2', rotation='vertical')
# Ag
# plt.text(719.0, 2100, 'Ag 3s', rotation='vertical')
# plt.text(603.8, 2100, 'Ag 3p1/2', rotation='vertical')
# plt.text(573.0, 2100, 'Ag 3p3/2', rotation='vertical')
# plt.text(374.0, 2100, 'Ag 3d3/2', rotation='vertical')
# plt.text(368.0, 2100, 'Ag 3d5/2', rotation='vertical')
# Pb
# plt.text(671.6, 2100, 'Pb 3s', rotation='vertical')
# plt.text(559.9, 2100, 'Pb 3p1/2', rotation='vertical')
# plt.text(532.3, 2100, 'Pb 3p3/2', rotation='vertical')
# plt.text(340.5, 2100, 'Pb 3d3/2', rotation='vertical')
# plt.text(335.2, 2100, 'Pb 3d5/2', rotation='vertical')
# Ni
# plt.text(852.7, 2100, 'Ni 2p3/2', rotation='vertical')
# plt.text(870.0, 2100, 'Ni 2p1/2', rotation='vertical')
# plt.text(1008.6, 2100, 'Ni 2s', rotation='vertical')
# O
plt.text(543.1, 2100, 'O 1s', rotation='vertical')

plt.title('Spectrum of 10 DM coin')
plt.xlabel('Binding energy [eV]')
plt.ylabel('Counts')
plt.show()
#df.plot('Energy(meas)', 'Sum')
# plt.show()

positive_mask = np.where(df['BindingEnergy'].to_numpy()>=0)

be = df['BindingEnergy'].to_numpy()[positive_mask]
count = df['Scan1'].to_numpy()[positive_mask]

fig = plt.figure(figsize=(15,5))
plt.plot(be-20,count)

# Cu
plt.text(952.3, 2100, 'Cu 2p1/2', rotation='vertical')
plt.text(932.7, 2100, 'Cu 2p3/2', rotation='vertical')
plt.text(1096.7, 2100, 'Cu 2s', rotation='vertical')
# C
plt.text(284.2, 2100, 'C 1s', rotation='vertical')
# Fe
# plt.text(706.8, 2100, 'Fe 2p3/2', rotation='vertical')
# plt.text(719.9, 2100, 'Fe 2p1/2', rotation='vertical')
# plt.text(844.6, 2100, 'Fe 2s', rotation='vertical')
# # Sn
# plt.text(884.7, 2100, 'Sn 3s', rotation='vertical')
# plt.text(756.5, 2100, 'Sn 3p1/2', rotation='vertical')
# plt.text(714.6, 2100, 'Sn 3p3/2', rotation='vertical')
# plt.text(493.2, 2100, 'Sn 3d3/2', rotation='vertical')
# plt.text(484.9, 2100, 'Sn 3d5/2', rotation='vertical')
# Zn
# plt.text(1044.9, 2100, 'Zn 2p1/2', rotation='vertical')
# plt.text(1021.8, 2100, 'Zn 2p3/2', rotation='vertical')
# Ag
# plt.text(719.0, 2100, 'Ag 3s', rotation='vertical')
# plt.text(603.8, 2100, 'Ag 3p1/2', rotation='vertical')
# plt.text(573.0, 2100, 'Ag 3p3/2', rotation='vertical')
# plt.text(374.0, 2100, 'Ag 3d3/2', rotation='vertical')
# plt.text(368.0, 2100, 'Ag 3d5/2', rotation='vertical')
# Pb
# plt.text(671.6, 2100, 'Pb 3s', rotation='vertical')
# plt.text(559.9, 2100, 'Pb 3p1/2', rotation='vertical')
# plt.text(532.3, 2100, 'Pb 3p3/2', rotation='vertical')
# plt.text(340.5, 2100, 'Pb 3d3/2', rotation='vertical')
# plt.text(335.2, 2100, 'Pb 3d5/2', rotation='vertical')
# Ni
# plt.text(852.7, 2100, 'Ni 2p3/2', rotation='vertical')
# plt.text(870.0, 2100, 'Ni 2p1/2', rotation='vertical')
# plt.text(1008.6, 2100, 'Ni 2s', rotation='vertical')
# O
plt.text(543.1, 2100, 'O 1s', rotation='vertical')

plt.title('Spectrum of 10 DM coin')
plt.xlabel('Binding energy [eV]')
plt.ylabel('Counts')
plt.show()
#df.plot('Energy(meas)', 'Sum')
# plt.show()

positive_mask = np.where(df['BindingEnergy'].to_numpy()>=0)

be = df['BindingEnergy'].to_numpy()[positive_mask]
count = df['Scan1'].to_numpy()[positive_mask]

fig = plt.figure(figsize=(15,5))
plt.plot(be+20,count)

# Cu
plt.text(952.3, 2100, 'Cu 2p1/2', rotation='vertical')
plt.text(932.7, 2100, 'Cu 2p3/2', rotation='vertical')
plt.text(1096.7, 2100, 'Cu 2s', rotation='vertical')
# C
plt.text(284.2, 2100, 'C 1s', rotation='vertical')
# Fe
# plt.text(706.8, 2100, 'Fe 2p3/2', rotation='vertical')
# plt.text(719.9, 2100, 'Fe 2p1/2', rotation='vertical')
# plt.text(844.6, 2100, 'Fe 2s', rotation='vertical')
# # Sn
# plt.text(884.7, 2100, 'Sn 3s', rotation='vertical')
# plt.text(756.5, 2100, 'Sn 3p1/2', rotation='vertical')
# plt.text(714.6, 2100, 'Sn 3p3/2', rotation='vertical')
# plt.text(493.2, 2100, 'Sn 3d3/2', rotation='vertical')
# plt.text(484.9, 2100, 'Sn 3d5/2', rotation='vertical')
# Zn
# plt.text(1044.9, 2100, 'Zn 2p1/2', rotation='vertical')
# plt.text(1021.8, 2100, 'Zn 2p3/2', rotation='vertical')
# Ag
# plt.text(719.0, 2100, 'Ag 3s', rotation='vertical')
# plt.text(603.8, 2100, 'Ag 3p1/2', rotation='vertical')
# plt.text(573.0, 2100, 'Ag 3p3/2', rotation='vertical')
# plt.text(374.0, 2100, 'Ag 3d3/2', rotation='vertical')
# plt.text(368.0, 2100, 'Ag 3d5/2', rotation='vertical')
# Pb
# plt.text(671.6, 2100, 'Pb 3s', rotation='vertical')
# plt.text(559.9, 2100, 'Pb 3p1/2', rotation='vertical')
# plt.text(532.3, 2100, 'Pb 3p3/2', rotation='vertical')
# plt.text(340.5, 2100, 'Pb 3d3/2', rotation='vertical')
# plt.text(335.2, 2100, 'Pb 3d5/2', rotation='vertical')
# Ni
# plt.text(852.7, 2100, 'Ni 2p3/2', rotation='vertical')
# plt.text(870.0, 2100, 'Ni 2p1/2', rotation='vertical')
# plt.text(1008.6, 2100, 'Ni 2s', rotation='vertical')
# O
plt.text(543.1, 2100, 'O 1s', rotation='vertical')

plt.title('Spectrum of 10 DM coin')
plt.xlabel('Binding energy [eV]')
plt.ylabel('Counts')
plt.show()
#df.plot('Energy(meas)', 'Sum')
# plt.show()

positive_mask = np.where(df['BindingEnergy'].to_numpy()>=0)

be = df['BindingEnergy'].to_numpy()[positive_mask]
count = df['Scan1'].to_numpy()[positive_mask]

fig = plt.figure(figsize=(15,5))
plt.plot(be+22,count)

# Cu
plt.text(952.3, 2100, 'Cu 2p1/2', rotation='vertical')
plt.text(932.7, 2100, 'Cu 2p3/2', rotation='vertical')
plt.text(1096.7, 2100, 'Cu 2s', rotation='vertical')
# C
plt.text(284.2, 2100, 'C 1s', rotation='vertical')
# Fe
# plt.text(706.8, 2100, 'Fe 2p3/2', rotation='vertical')
# plt.text(719.9, 2100, 'Fe 2p1/2', rotation='vertical')
# plt.text(844.6, 2100, 'Fe 2s', rotation='vertical')
# # Sn
# plt.text(884.7, 2100, 'Sn 3s', rotation='vertical')
# plt.text(756.5, 2100, 'Sn 3p1/2', rotation='vertical')
# plt.text(714.6, 2100, 'Sn 3p3/2', rotation='vertical')
# plt.text(493.2, 2100, 'Sn 3d3/2', rotation='vertical')
# plt.text(484.9, 2100, 'Sn 3d5/2', rotation='vertical')
# Zn
# plt.text(1044.9, 2100, 'Zn 2p1/2', rotation='vertical')
# plt.text(1021.8, 2100, 'Zn 2p3/2', rotation='vertical')
# Ag
# plt.text(719.0, 2100, 'Ag 3s', rotation='vertical')
# plt.text(603.8, 2100, 'Ag 3p1/2', rotation='vertical')
# plt.text(573.0, 2100, 'Ag 3p3/2', rotation='vertical')
# plt.text(374.0, 2100, 'Ag 3d3/2', rotation='vertical')
# plt.text(368.0, 2100, 'Ag 3d5/2', rotation='vertical')
# Pb
# plt.text(671.6, 2100, 'Pb 3s', rotation='vertical')
# plt.text(559.9, 2100, 'Pb 3p1/2', rotation='vertical')
# plt.text(532.3, 2100, 'Pb 3p3/2', rotation='vertical')
# plt.text(340.5, 2100, 'Pb 3d3/2', rotation='vertical')
# plt.text(335.2, 2100, 'Pb 3d5/2', rotation='vertical')
# Ni
# plt.text(852.7, 2100, 'Ni 2p3/2', rotation='vertical')
# plt.text(870.0, 2100, 'Ni 2p1/2', rotation='vertical')
# plt.text(1008.6, 2100, 'Ni 2s', rotation='vertical')
# O
plt.text(543.1, 2100, 'O 1s', rotation='vertical')

plt.title('Spectrum of 10 DM coin')
plt.xlabel('Binding energy [eV]')
plt.ylabel('Counts')
plt.show()
#df.plot('Energy(meas)', 'Sum')
# plt.show()
shift = 0#22
positive_mask = np.where(df['BindingEnergy'].to_numpy()>=0)

be = df['BindingEnergy'].to_numpy()[positive_mask]
count = df['Scan1'].to_numpy()[positive_mask]

fig = plt.figure(figsize=(15,5))
plt.plot(be+shift,count)

# Cu
plt.text(952.3, 2100, 'Cu 2p1/2', rotation='vertical')
plt.text(932.7, 2100, 'Cu 2p3/2', rotation='vertical')
plt.text(1096.7, 2100, 'Cu 2s', rotation='vertical')
# C
plt.text(284.2, 2100, 'C 1s', rotation='vertical')
# Fe
# plt.text(706.8, 2100, 'Fe 2p3/2', rotation='vertical')
# plt.text(719.9, 2100, 'Fe 2p1/2', rotation='vertical')
# plt.text(844.6, 2100, 'Fe 2s', rotation='vertical')
# # Sn
# plt.text(884.7, 2100, 'Sn 3s', rotation='vertical')
# plt.text(756.5, 2100, 'Sn 3p1/2', rotation='vertical')
# plt.text(714.6, 2100, 'Sn 3p3/2', rotation='vertical')
# plt.text(493.2, 2100, 'Sn 3d3/2', rotation='vertical')
# plt.text(484.9, 2100, 'Sn 3d5/2', rotation='vertical')
# Zn
# plt.text(1044.9, 2100, 'Zn 2p1/2', rotation='vertical')
# plt.text(1021.8, 2100, 'Zn 2p3/2', rotation='vertical')
# Ag
# plt.text(719.0, 2100, 'Ag 3s', rotation='vertical')
# plt.text(603.8, 2100, 'Ag 3p1/2', rotation='vertical')
# plt.text(573.0, 2100, 'Ag 3p3/2', rotation='vertical')
# plt.text(374.0, 2100, 'Ag 3d3/2', rotation='vertical')
# plt.text(368.0, 2100, 'Ag 3d5/2', rotation='vertical')
# Pb
# plt.text(671.6, 2100, 'Pb 3s', rotation='vertical')
# plt.text(559.9, 2100, 'Pb 3p1/2', rotation='vertical')
# plt.text(532.3, 2100, 'Pb 3p3/2', rotation='vertical')
# plt.text(340.5, 2100, 'Pb 3d3/2', rotation='vertical')
# plt.text(335.2, 2100, 'Pb 3d5/2', rotation='vertical')
# Ni
# plt.text(852.7, 2100, 'Ni 2p3/2', rotation='vertical')
# plt.text(870.0, 2100, 'Ni 2p1/2', rotation='vertical')
# plt.text(1008.6, 2100, 'Ni 2s', rotation='vertical')
# O
plt.text(543.1, 2100, 'O 1s', rotation='vertical')

plt.title('Spectrum of 10 DM coin')
plt.xlabel('Binding energy [eV]')
plt.ylabel('Counts')
plt.show()
